This is pdfTeX, Version 3.14159265-2.6-1.40.20 (TeX Live 2019) (preloaded format=pdflatex 2019.5.8)  18 FEB 2026 18:46
entering extended mode
 restricted \write18 enabled.
 file:line:error style messages enabled.
 %&-line parsing enabled.
**country_tab.tex
(./country_tab.tex
LaTeX2e <2018-12-01>
(/usr/local/texlive/2019/texmf-dist/tex/latex/base/article.cls
Document Class: article 2018/09/03 v1.4i Standard LaTeX document class
(/usr/local/texlive/2019/texmf-dist/tex/latex/base/size10.clo
File: size10.clo 2018/09/03 v1.4i Standard LaTeX file (size option)
)
\c@part=\count80
\c@section=\count81
\c@subsection=\count82
\c@subsubsection=\count83
\c@paragraph=\count84
\c@subparagraph=\count85
\c@figure=\count86
\c@table=\count87
\abovecaptionskip=\skip41
\belowcaptionskip=\skip42
\bibindent=\dimen102
)
(/usr/local/texlive/2019/texmf-dist/tex/latex/booktabs/booktabs.sty
Package: booktabs 2016/04/27 v1.618033 publication quality tables
\heavyrulewidth=\dimen103
\lightrulewidth=\dimen104
\cmidrulewidth=\dimen105
\belowrulesep=\dimen106
\belowbottomsep=\dimen107
\aboverulesep=\dimen108
\abovetopsep=\dimen109
\cmidrulesep=\dimen110
\cmidrulekern=\dimen111
\defaultaddspace=\dimen112
\@cmidla=\count88
\@cmidlb=\count89
\@aboverulesep=\dimen113
\@belowrulesep=\dimen114
\@thisruleclass=\count90
\@lastruleclass=\count91
\@thisrulewidth=\dimen115
)
(/usr/local/texlive/2019/texmf-dist/tex/latex/tools/tabularx.sty
Package: tabularx 2016/02/03 v2.11b `tabularx' package (DPC)

(/usr/local/texlive/2019/texmf-dist/tex/latex/tools/array.sty
Package: array 2018/12/30 v2.4k Tabular extension package (FMi)
\col@sep=\dimen116
\ar@mcellbox=\box27
\extrarowheight=\dimen117
\NC@list=\toks14
\extratabsurround=\skip43
\backup@length=\skip44
\ar@cellbox=\box28
)
\TX@col@width=\dimen118
\TX@old@table=\dimen119
\TX@old@col=\dimen120
\TX@target=\dimen121
\TX@delta=\dimen122
\TX@cols=\count92
\TX@ftn=\toks15
)
(/usr/local/texlive/2019/texmf-dist/tex/latex/geometry/geometry.sty
Package: geometry 2018/04/16 v5.8 Page Geometry

(/usr/local/texlive/2019/texmf-dist/tex/latex/graphics/keyval.sty
Package: keyval 2014/10/28 v1.15 key=value parser (DPC)
\KV@toks@=\toks16
)
(/usr/local/texlive/2019/texmf-dist/tex/generic/oberdiek/ifpdf.sty
Package: ifpdf 2018/09/07 v3.3 Provides the ifpdf switch
)
(/usr/local/texlive/2019/texmf-dist/tex/generic/oberdiek/ifvtex.sty
Package: ifvtex 2016/05/16 v1.6 Detect VTeX and its facilities (HO)
Package ifvtex Info: VTeX not detected.
)
(/usr/local/texlive/2019/texmf-dist/tex/generic/ifxetex/ifxetex.sty
Package: ifxetex 2010/09/12 v0.6 Provides ifxetex conditional
)
\Gm@cnth=\count93
\Gm@cntv=\count94
\c@Gm@tempcnt=\count95
\Gm@bindingoffset=\dimen123
\Gm@wd@mp=\dimen124
\Gm@odd@mp=\dimen125
\Gm@even@mp=\dimen126
\Gm@layoutwidth=\dimen127
\Gm@layoutheight=\dimen128
\Gm@layouthoffset=\dimen129
\Gm@layoutvoffset=\dimen130
\Gm@dimlist=\toks17
)
No file country_tab.aux.
\openout1 = `country_tab.aux'.

LaTeX Font Info:    Checking defaults for OML/cmm/m/it on input line 5.
LaTeX Font Info:    ... okay on input line 5.
LaTeX Font Info:    Checking defaults for T1/cmr/m/n on input line 5.
LaTeX Font Info:    ... okay on input line 5.
LaTeX Font Info:    Checking defaults for OT1/cmr/m/n on input line 5.
LaTeX Font Info:    ... okay on input line 5.
LaTeX Font Info:    Checking defaults for OMS/cmsy/m/n on input line 5.
LaTeX Font Info:    ... okay on input line 5.
LaTeX Font Info:    Checking defaults for OMX/cmex/m/n on input line 5.
LaTeX Font Info:    ... okay on input line 5.
LaTeX Font Info:    Checking defaults for U/cmr/m/n on input line 5.
LaTeX Font Info:    ... okay on input line 5.
*geometry* driver: auto-detecting
*geometry* detected driver: pdftex
*geometry* verbose mode - [ preamble ] result:
* driver: pdftex
* paper: <default>
* layout: <same size as paper>
* layoutoffset:(h,v)=(0.0pt,0.0pt)
* modes: 
* h-part:(L,W,R)=(72.26999pt, 469.75502pt, 72.26999pt)
* v-part:(T,H,B)=(72.26999pt, 650.43001pt, 72.26999pt)
* \paperwidth=614.295pt
* \paperheight=794.96999pt
* \textwidth=469.75502pt
* \textheight=650.43001pt
* \oddsidemargin=0.0pt
* \evensidemargin=0.0pt
* \topmargin=-37.0pt
* \headheight=12.0pt
* \headsep=25.0pt
* \topskip=10.0pt
* \footskip=30.0pt
* \marginparwidth=65.0pt
* \marginparsep=11.0pt
* \columnsep=10.0pt
* \skip\footins=9.0pt plus 4.0pt minus 2.0pt
* \hoffset=0.0pt
* \voffset=0.0pt
* \mag=1000
* \@twocolumnfalse
* \@twosidefalse
* \@mparswitchfalse
* \@reversemarginfalse
* (1in=72.27pt=25.4mm, 1cm=28.453pt)

./country_tab.tex:128: Extra }, or forgotten $.
<recently read> }
                 
l.128 \end{tabularx}
                    
? s
OK, entering \scrollmode...
./country_tab.tex:128: Missing } inserted.
<inserted text> 
                }
l.128 \end{tabularx}
                    
I've put in what seems to be necessary to fix
the current column of the current alignment.
Try to go on, since this might almost work.

./country_tab.tex:128: Extra }, or forgotten $.
<inserted text> }
                 
l.128 \end{tabularx}
                    
I've deleted a group-closing symbol because it seems to be
spurious, as in `$x}$'. But perhaps the } is legitimate and
you forgot something else, as in `\hbox{$x}'. In such cases
the way to recover is to insert both the forgotten and the
deleted material, e.g., by typing `I$}'.

./country_tab.tex:128: Missing } inserted.
<inserted text> 
                }
l.128 \end{tabularx}
                    
I've put in what seems to be necessary to fix
the current column of the current alignment.
Try to go on, since this might almost work.

./country_tab.tex:128: Extra }, or forgotten $.
<inserted text> }
                 
l.128 \end{tabularx}
                    
I've deleted a group-closing symbol because it seems to be
spurious, as in `$x}$'. But perhaps the } is legitimate and
you forgot something else, as in `\hbox{$x}'. In such cases
the way to recover is to insert both the forgotten and the
deleted material, e.g., by typing `I$}'.

./country_tab.tex:128: Missing } inserted.
<inserted text> 
                }
l.128 \end{tabularx}
                    
I've put in what seems to be necessary to fix
the current column of the current alignment.
Try to go on, since this might almost work.

./country_tab.tex:128: Extra }, or forgotten $.
<inserted text> }
                 
l.128 \end{tabularx}
                    
I've deleted a group-closing symbol because it seems to be
spurious, as in `$x}$'. But perhaps the } is legitimate and
you forgot something else, as in `\hbox{$x}'. In such cases
the way to recover is to insert both the forgotten and the
deleted material, e.g., by typing `I$}'.

./country_tab.tex:128: Missing } inserted.
<inserted text> 
                }
l.128 \end{tabularx}
                    
I've put in what seems to be necessary to fix
the current column of the current alignment.
Try to go on, since this might almost work.

./country_tab.tex:128: Extra }, or forgotten $.
<inserted text> }
                 
l.128 \end{tabularx}
                    
I've deleted a group-closing symbol because it seems to be
spurious, as in `$x}$'. But perhaps the } is legitimate and
you forgot something else, as in `\hbox{$x}'. In such cases
the way to recover is to insert both the forgotten and the
deleted material, e.g., by typing `I$}'.

./country_tab.tex:128: Missing } inserted.
<inserted text> 
                }
l.128 \end{tabularx}
                    
I've put in what seems to be necessary to fix
the current column of the current alignment.
Try to go on, since this might almost work.

./country_tab.tex:128: Extra }, or forgotten $.
<inserted text> }
                 
l.128 \end{tabularx}
                    
I've deleted a group-closing symbol because it seems to be
spurious, as in `$x}$'. But perhaps the } is legitimate and
you forgot something else, as in `\hbox{$x}'. In such cases
the way to recover is to insert both the forgotten and the
deleted material, e.g., by typing `I$}'.

./country_tab.tex:128: Missing } inserted.
<inserted text> 
                }
l.128 \end{tabularx}
                    
I've put in what seems to be necessary to fix
the current column of the current alignment.
Try to go on, since this might almost work.

./country_tab.tex:128: Extra }, or forgotten $.
<inserted text> }
                 
l.128 \end{tabularx}
                    
I've deleted a group-closing symbol because it seems to be
spurious, as in `$x}$'. But perhaps the } is legitimate and
you forgot something else, as in `\hbox{$x}'. In such cases
the way to recover is to insert both the forgotten and the
deleted material, e.g., by typing `I$}'.

./country_tab.tex:128: Missing } inserted.
<inserted text> 
                }
l.128 \end{tabularx}
                    
I've put in what seems to be necessary to fix
the current column of the current alignment.
Try to go on, since this might almost work.

./country_tab.tex:128: Extra }, or forgotten $.
<inserted text> }
                 
l.128 \end{tabularx}
                    
I've deleted a group-closing symbol because it seems to be
spurious, as in `$x}$'. But perhaps the } is legitimate and
you forgot something else, as in `\hbox{$x}'. In such cases
the way to recover is to insert both the forgotten and the
deleted material, e.g., by typing `I$}'.

./country_tab.tex:128: Missing } inserted.
<inserted text> 
                }
l.128 \end{tabularx}
                    
I've put in what seems to be necessary to fix
the current column of the current alignment.
Try to go on, since this might almost work.

./country_tab.tex:128: Extra }, or forgotten $.
<inserted text> }
                 
l.128 \end{tabularx}
                    
I've deleted a group-closing symbol because it seems to be
spurious, as in `$x}$'. But perhaps the } is legitimate and
you forgot something else, as in `\hbox{$x}'. In such cases
the way to recover is to insert both the forgotten and the
deleted material, e.g., by typing `I$}'.

./country_tab.tex:128: Missing } inserted.
<inserted text> 
                }
l.128 \end{tabularx}
                    
I've put in what seems to be necessary to fix
the current column of the current alignment.
Try to go on, since this might almost work.

./country_tab.tex:128: Extra }, or forgotten $.
<inserted text> }
                 
l.128 \end{tabularx}
                    
I've deleted a group-closing symbol because it seems to be
spurious, as in `$x}$'. But perhaps the } is legitimate and
you forgot something else, as in `\hbox{$x}'. In such cases
the way to recover is to insert both the forgotten and the
deleted material, e.g., by typing `I$}'.

./country_tab.tex:128: Missing } inserted.
<inserted text> 
                }
l.128 \end{tabularx}
                    
I've put in what seems to be necessary to fix
the current column of the current alignment.
Try to go on, since this might almost work.

./country_tab.tex:128: Extra }, or forgotten $.
<inserted text> }
                 
l.128 \end{tabularx}
                    
I've deleted a group-closing symbol because it seems to be
spurious, as in `$x}$'. But perhaps the } is legitimate and
you forgot something else, as in `\hbox{$x}'. In such cases
the way to recover is to insert both the forgotten and the
deleted material, e.g., by typing `I$}'.

./country_tab.tex:128: Missing } inserted.
<inserted text> 
                }
l.128 \end{tabularx}
                    
I've put in what seems to be necessary to fix
the current column of the current alignment.
Try to go on, since this might almost work.

./country_tab.tex:128: Extra }, or forgotten $.
<inserted text> }
                 
l.128 \end{tabularx}
                    
I've deleted a group-closing symbol because it seems to be
spurious, as in `$x}$'. But perhaps the } is legitimate and
you forgot something else, as in `\hbox{$x}'. In such cases
the way to recover is to insert both the forgotten and the
deleted material, e.g., by typing `I$}'.

./country_tab.tex:128: Missing } inserted.
<inserted text> 
                }
l.128 \end{tabularx}
                    
I've put in what seems to be necessary to fix
the current column of the current alignment.
Try to go on, since this might almost work.

./country_tab.tex:128: Extra }, or forgotten $.
<inserted text> }
                 
l.128 \end{tabularx}
                    
I've deleted a group-closing symbol because it seems to be
spurious, as in `$x}$'. But perhaps the } is legitimate and
you forgot something else, as in `\hbox{$x}'. In such cases
the way to recover is to insert both the forgotten and the
deleted material, e.g., by typing `I$}'.

./country_tab.tex:128: Missing } inserted.
<inserted text> 
                }
l.128 \end{tabularx}
                    
I've put in what seems to be necessary to fix
the current column of the current alignment.
Try to go on, since this might almost work.

./country_tab.tex:128: Extra }, or forgotten $.
<inserted text> }
                 
l.128 \end{tabularx}
                    
I've deleted a group-closing symbol because it seems to be
spurious, as in `$x}$'. But perhaps the } is legitimate and
you forgot something else, as in `\hbox{$x}'. In such cases
the way to recover is to insert both the forgotten and the
deleted material, e.g., by typing `I$}'.

./country_tab.tex:128: Missing } inserted.
<inserted text> 
                }
l.128 \end{tabularx}
                    
I've put in what seems to be necessary to fix
the current column of the current alignment.
Try to go on, since this might almost work.

./country_tab.tex:128: Extra }, or forgotten $.
<inserted text> }
                 
l.128 \end{tabularx}
                    
I've deleted a group-closing symbol because it seems to be
spurious, as in `$x}$'. But perhaps the } is legitimate and
you forgot something else, as in `\hbox{$x}'. In such cases
the way to recover is to insert both the forgotten and the
deleted material, e.g., by typing `I$}'.

./country_tab.tex:128: Missing } inserted.
<inserted text> 
                }
l.128 \end{tabularx}
                    
I've put in what seems to be necessary to fix
the current column of the current alignment.
Try to go on, since this might almost work.

./country_tab.tex:128: Extra }, or forgotten $.
<inserted text> }
                 
l.128 \end{tabularx}
                    
I've deleted a group-closing symbol because it seems to be
spurious, as in `$x}$'. But perhaps the } is legitimate and
you forgot something else, as in `\hbox{$x}'. In such cases
the way to recover is to insert both the forgotten and the
deleted material, e.g., by typing `I$}'.

./country_tab.tex:128: Missing } inserted.
<inserted text> 
                }
l.128 \end{tabularx}
                    
I've put in what seems to be necessary to fix
the current column of the current alignment.
Try to go on, since this might almost work.

./country_tab.tex:128: Extra }, or forgotten $.
<inserted text> }
                 
l.128 \end{tabularx}
                    
I've deleted a group-closing symbol because it seems to be
spurious, as in `$x}$'. But perhaps the } is legitimate and
you forgot something else, as in `\hbox{$x}'. In such cases
the way to recover is to insert both the forgotten and the
deleted material, e.g., by typing `I$}'.

./country_tab.tex:128: Missing } inserted.
<inserted text> 
                }
l.128 \end{tabularx}
                    
I've put in what seems to be necessary to fix
the current column of the current alignment.
Try to go on, since this might almost work.

./country_tab.tex:128: Extra }, or forgotten $.
<inserted text> }
                 
l.128 \end{tabularx}
                    
I've deleted a group-closing symbol because it seems to be
spurious, as in `$x}$'. But perhaps the } is legitimate and
you forgot something else, as in `\hbox{$x}'. In such cases
the way to recover is to insert both the forgotten and the
deleted material, e.g., by typing `I$}'.

./country_tab.tex:128: Missing } inserted.
<inserted text> 
                }
l.128 \end{tabularx}
                    
I've put in what seems to be necessary to fix
the current column of the current alignment.
Try to go on, since this might almost work.

./country_tab.tex:128: Extra }, or forgotten $.
<inserted text> }
                 
l.128 \end{tabularx}
                    
I've deleted a group-closing symbol because it seems to be
spurious, as in `$x}$'. But perhaps the } is legitimate and
you forgot something else, as in `\hbox{$x}'. In such cases
the way to recover is to insert both the forgotten and the
deleted material, e.g., by typing `I$}'.

./country_tab.tex:128: Missing } inserted.
<inserted text> 
                }
l.128 \end{tabularx}
                    
I've put in what seems to be necessary to fix
the current column of the current alignment.
Try to go on, since this might almost work.

./country_tab.tex:128: Extra }, or forgotten $.
<inserted text> }
                 
l.128 \end{tabularx}
                    
I've deleted a group-closing symbol because it seems to be
spurious, as in `$x}$'. But perhaps the } is legitimate and
you forgot something else, as in `\hbox{$x}'. In such cases
the way to recover is to insert both the forgotten and the
deleted material, e.g., by typing `I$}'.

./country_tab.tex:128: Missing } inserted.
<inserted text> 
                }
l.128 \end{tabularx}
                    
I've put in what seems to be necessary to fix
the current column of the current alignment.
Try to go on, since this might almost work.

./country_tab.tex:128: Extra }, or forgotten $.
<inserted text> }
                 
l.128 \end{tabularx}
                    
I've deleted a group-closing symbol because it seems to be
spurious, as in `$x}$'. But perhaps the } is legitimate and
you forgot something else, as in `\hbox{$x}'. In such cases
the way to recover is to insert both the forgotten and the
deleted material, e.g., by typing `I$}'.

./country_tab.tex:128: Missing } inserted.
<inserted text> 
                }
l.128 \end{tabularx}
                    
I've put in what seems to be necessary to fix
the current column of the current alignment.
Try to go on, since this might almost work.

./country_tab.tex:128: Extra }, or forgotten $.
<inserted text> }
                 
l.128 \end{tabularx}
                    
I've deleted a group-closing symbol because it seems to be
spurious, as in `$x}$'. But perhaps the } is legitimate and
you forgot something else, as in `\hbox{$x}'. In such cases
the way to recover is to insert both the forgotten and the
deleted material, e.g., by typing `I$}'.

./country_tab.tex:128: Missing } inserted.
<inserted text> 
                }
l.128 \end{tabularx}
                    
I've put in what seems to be necessary to fix
the current column of the current alignment.
Try to go on, since this might almost work.

./country_tab.tex:128: Extra }, or forgotten $.
<inserted text> }
                 
l.128 \end{tabularx}
                    
I've deleted a group-closing symbol because it seems to be
spurious, as in `$x}$'. But perhaps the } is legitimate and
you forgot something else, as in `\hbox{$x}'. In such cases
the way to recover is to insert both the forgotten and the
deleted material, e.g., by typing `I$}'.

./country_tab.tex:128: Missing } inserted.
<inserted text> 
                }
l.128 \end{tabularx}
                    
I've put in what seems to be necessary to fix
the current column of the current alignment.
Try to go on, since this might almost work.

./country_tab.tex:128: Extra }, or forgotten $.
<inserted text> }
                 
l.128 \end{tabularx}
                    
I've deleted a group-closing symbol because it seems to be
spurious, as in `$x}$'. But perhaps the } is legitimate and
you forgot something else, as in `\hbox{$x}'. In such cases
the way to recover is to insert both the forgotten and the
deleted material, e.g., by typing `I$}'.

./country_tab.tex:128: Missing } inserted.
<inserted text> 
                }
l.128 \end{tabularx}
                    
I've put in what seems to be necessary to fix
the current column of the current alignment.
Try to go on, since this might almost work.

./country_tab.tex:128: Extra }, or forgotten $.
<inserted text> }
                 
l.128 \end{tabularx}
                    
I've deleted a group-closing symbol because it seems to be
spurious, as in `$x}$'. But perhaps the } is legitimate and
you forgot something else, as in `\hbox{$x}'. In such cases
the way to recover is to insert both the forgotten and the
deleted material, e.g., by typing `I$}'.

./country_tab.tex:128: Missing } inserted.
<inserted text> 
                }
l.128 \end{tabularx}
                    
I've put in what seems to be necessary to fix
the current column of the current alignment.
Try to go on, since this might almost work.

./country_tab.tex:128: Extra }, or forgotten $.
<inserted text> }
                 
l.128 \end{tabularx}
                    
I've deleted a group-closing symbol because it seems to be
spurious, as in `$x}$'. But perhaps the } is legitimate and
you forgot something else, as in `\hbox{$x}'. In such cases
the way to recover is to insert both the forgotten and the
deleted material, e.g., by typing `I$}'.

./country_tab.tex:128: Missing } inserted.
<inserted text> 
                }
l.128 \end{tabularx}
                    
I've put in what seems to be necessary to fix
the current column of the current alignment.
Try to go on, since this might almost work.

./country_tab.tex:128: Extra }, or forgotten $.
<inserted text> }
                 
l.128 \end{tabularx}
                    
I've deleted a group-closing symbol because it seems to be
spurious, as in `$x}$'. But perhaps the } is legitimate and
you forgot something else, as in `\hbox{$x}'. In such cases
the way to recover is to insert both the forgotten and the
deleted material, e.g., by typing `I$}'.

./country_tab.tex:128: Missing } inserted.
<inserted text> 
                }
l.128 \end{tabularx}
                    
I've put in what seems to be necessary to fix
the current column of the current alignment.
Try to go on, since this might almost work.

./country_tab.tex:128: Extra }, or forgotten $.
<inserted text> }
                 
l.128 \end{tabularx}
                    
I've deleted a group-closing symbol because it seems to be
spurious, as in `$x}$'. But perhaps the } is legitimate and
you forgot something else, as in `\hbox{$x}'. In such cases
the way to recover is to insert both the forgotten and the
deleted material, e.g., by typing `I$}'.

./country_tab.tex:128: Missing } inserted.
<inserted text> 
                }
l.128 \end{tabularx}
                    
I've put in what seems to be necessary to fix
the current column of the current alignment.
Try to go on, since this might almost work.

./country_tab.tex:128: Extra }, or forgotten $.
<inserted text> }
                 
l.128 \end{tabularx}
                    
I've deleted a group-closing symbol because it seems to be
spurious, as in `$x}$'. But perhaps the } is legitimate and
you forgot something else, as in `\hbox{$x}'. In such cases
the way to recover is to insert both the forgotten and the
deleted material, e.g., by typing `I$}'.

./country_tab.tex:128: Missing } inserted.
<inserted text> 
                }
l.128 \end{tabularx}
                    
I've put in what seems to be necessary to fix
the current column of the current alignment.
Try to go on, since this might almost work.

./country_tab.tex:128: Extra }, or forgotten $.
<inserted text> }
                 
l.128 \end{tabularx}
                    
I've deleted a group-closing symbol because it seems to be
spurious, as in `$x}$'. But perhaps the } is legitimate and
you forgot something else, as in `\hbox{$x}'. In such cases
the way to recover is to insert both the forgotten and the
deleted material, e.g., by typing `I$}'.

./country_tab.tex:128: Missing } inserted.
<inserted text> 
                }
l.128 \end{tabularx}
                    
I've put in what seems to be necessary to fix
the current column of the current alignment.
Try to go on, since this might almost work.

./country_tab.tex:128: Extra }, or forgotten $.
<inserted text> }
                 
l.128 \end{tabularx}
                    
I've deleted a group-closing symbol because it seems to be
spurious, as in `$x}$'. But perhaps the } is legitimate and
you forgot something else, as in `\hbox{$x}'. In such cases
the way to recover is to insert both the forgotten and the
deleted material, e.g., by typing `I$}'.

./country_tab.tex:128: Missing } inserted.
<inserted text> 
                }
l.128 \end{tabularx}
                    
I've put in what seems to be necessary to fix
the current column of the current alignment.
Try to go on, since this might almost work.

./country_tab.tex:128: Extra }, or forgotten $.
<inserted text> }
                 
l.128 \end{tabularx}
                    
I've deleted a group-closing symbol because it seems to be
spurious, as in `$x}$'. But perhaps the } is legitimate and
you forgot something else, as in `\hbox{$x}'. In such cases
the way to recover is to insert both the forgotten and the
deleted material, e.g., by typing `I$}'.

./country_tab.tex:128: Missing } inserted.
<inserted text> 
                }
l.128 \end{tabularx}
                    
I've put in what seems to be necessary to fix
the current column of the current alignment.
Try to go on, since this might almost work.

./country_tab.tex:128: Extra }, or forgotten $.
<inserted text> }
                 
l.128 \end{tabularx}
                    
I've deleted a group-closing symbol because it seems to be
spurious, as in `$x}$'. But perhaps the } is legitimate and
you forgot something else, as in `\hbox{$x}'. In such cases
the way to recover is to insert both the forgotten and the
deleted material, e.g., by typing `I$}'.

./country_tab.tex:128: Missing } inserted.
<inserted text> 
                }
l.128 \end{tabularx}
                    
I've put in what seems to be necessary to fix
the current column of the current alignment.
Try to go on, since this might almost work.

./country_tab.tex:128: Extra }, or forgotten $.
<inserted text> }
                 
l.128 \end{tabularx}
                    
I've deleted a group-closing symbol because it seems to be
spurious, as in `$x}$'. But perhaps the } is legitimate and
you forgot something else, as in `\hbox{$x}'. In such cases
the way to recover is to insert both the forgotten and the
deleted material, e.g., by typing `I$}'.

./country_tab.tex:128: Missing } inserted.
<inserted text> 
                }
l.128 \end{tabularx}
                    
I've put in what seems to be necessary to fix
the current column of the current alignment.
Try to go on, since this might almost work.

./country_tab.tex:128: Extra }, or forgotten $.
<inserted text> }
                 
l.128 \end{tabularx}
                    
I've deleted a group-closing symbol because it seems to be
spurious, as in `$x}$'. But perhaps the } is legitimate and
you forgot something else, as in `\hbox{$x}'. In such cases
the way to recover is to insert both the forgotten and the
deleted material, e.g., by typing `I$}'.

./country_tab.tex:128: Missing } inserted.
<inserted text> 
                }
l.128 \end{tabularx}
                    
I've put in what seems to be necessary to fix
the current column of the current alignment.
Try to go on, since this might almost work.

./country_tab.tex:128: Extra }, or forgotten $.
<inserted text> }
                 
l.128 \end{tabularx}
                    
I've deleted a group-closing symbol because it seems to be
spurious, as in `$x}$'. But perhaps the } is legitimate and
you forgot something else, as in `\hbox{$x}'. In such cases
the way to recover is to insert both the forgotten and the
deleted material, e.g., by typing `I$}'.

./country_tab.tex:128: Missing } inserted.
<inserted text> 
                }
l.128 \end{tabularx}
                    
I've put in what seems to be necessary to fix
the current column of the current alignment.
Try to go on, since this might almost work.

./country_tab.tex:128: Extra }, or forgotten $.
<inserted text> }
                 
l.128 \end{tabularx}
                    
I've deleted a group-closing symbol because it seems to be
spurious, as in `$x}$'. But perhaps the } is legitimate and
you forgot something else, as in `\hbox{$x}'. In such cases
the way to recover is to insert both the forgotten and the
deleted material, e.g., by typing `I$}'.

./country_tab.tex:128: Missing } inserted.
<inserted text> 
                }
l.128 \end{tabularx}
                    
I've put in what seems to be necessary to fix
the current column of the current alignment.
Try to go on, since this might almost work.

./country_tab.tex:128: Extra }, or forgotten $.
<inserted text> }
                 
l.128 \end{tabularx}
                    
I've deleted a group-closing symbol because it seems to be
spurious, as in `$x}$'. But perhaps the } is legitimate and
you forgot something else, as in `\hbox{$x}'. In such cases
the way to recover is to insert both the forgotten and the
deleted material, e.g., by typing `I$}'.

./country_tab.tex:128: Missing } inserted.
<inserted text> 
                }
l.128 \end{tabularx}
                    
I've put in what seems to be necessary to fix
the current column of the current alignment.
Try to go on, since this might almost work.

./country_tab.tex:128: Extra }, or forgotten $.
<inserted text> }
                 
l.128 \end{tabularx}
                    
I've deleted a group-closing symbol because it seems to be
spurious, as in `$x}$'. But perhaps the } is legitimate and
you forgot something else, as in `\hbox{$x}'. In such cases
the way to recover is to insert both the forgotten and the
deleted material, e.g., by typing `I$}'.

./country_tab.tex:128: Missing } inserted.
<inserted text> 
                }
l.128 \end{tabularx}
                    
I've put in what seems to be necessary to fix
the current column of the current alignment.
Try to go on, since this might almost work.

./country_tab.tex:128: Extra }, or forgotten $.
<inserted text> }
                 
l.128 \end{tabularx}
                    
I've deleted a group-closing symbol because it seems to be
spurious, as in `$x}$'. But perhaps the } is legitimate and
you forgot something else, as in `\hbox{$x}'. In such cases
the way to recover is to insert both the forgotten and the
deleted material, e.g., by typing `I$}'.

./country_tab.tex:128: Missing } inserted.
<inserted text> 
                }
l.128 \end{tabularx}
                    
I've put in what seems to be necessary to fix
the current column of the current alignment.
Try to go on, since this might almost work.

./country_tab.tex:128: Extra }, or forgotten $.
<inserted text> }
                 
l.128 \end{tabularx}
                    
I've deleted a group-closing symbol because it seems to be
spurious, as in `$x}$'. But perhaps the } is legitimate and
you forgot something else, as in `\hbox{$x}'. In such cases
the way to recover is to insert both the forgotten and the
deleted material, e.g., by typing `I$}'.

./country_tab.tex:128: Missing } inserted.
<inserted text> 
                }
l.128 \end{tabularx}
                    
I've put in what seems to be necessary to fix
the current column of the current alignment.
Try to go on, since this might almost work.

./country_tab.tex:128: Extra }, or forgotten $.
<inserted text> }
                 
l.128 \end{tabularx}
                    
I've deleted a group-closing symbol because it seems to be
spurious, as in `$x}$'. But perhaps the } is legitimate and
you forgot something else, as in `\hbox{$x}'. In such cases
the way to recover is to insert both the forgotten and the
deleted material, e.g., by typing `I$}'.

./country_tab.tex:128: Missing } inserted.
<inserted text> 
                }
l.128 \end{tabularx}
                    
I've put in what seems to be necessary to fix
the current column of the current alignment.
Try to go on, since this might almost work.

./country_tab.tex:128: Extra }, or forgotten $.
<inserted text> }
                 
l.128 \end{tabularx}
                    
I've deleted a group-closing symbol because it seems to be
spurious, as in `$x}$'. But perhaps the } is legitimate and
you forgot something else, as in `\hbox{$x}'. In such cases
the way to recover is to insert both the forgotten and the
deleted material, e.g., by typing `I$}'.

./country_tab.tex:128: Missing } inserted.
<inserted text> 
                }
l.128 \end{tabularx}
                    
I've put in what seems to be necessary to fix
the current column of the current alignment.
Try to go on, since this might almost work.

./country_tab.tex:128: Extra }, or forgotten $.
<inserted text> }
                 
l.128 \end{tabularx}
                    
I've deleted a group-closing symbol because it seems to be
spurious, as in `$x}$'. But perhaps the } is legitimate and
you forgot something else, as in `\hbox{$x}'. In such cases
the way to recover is to insert both the forgotten and the
deleted material, e.g., by typing `I$}'.

./country_tab.tex:128: Missing } inserted.
<inserted text> 
                }
l.128 \end{tabularx}
                    
I've put in what seems to be necessary to fix
the current column of the current alignment.
Try to go on, since this might almost work.

./country_tab.tex:128: Extra }, or forgotten $.
<inserted text> }
                 
l.128 \end{tabularx}
                    
I've deleted a group-closing symbol because it seems to be
spurious, as in `$x}$'. But perhaps the } is legitimate and
you forgot something else, as in `\hbox{$x}'. In such cases
the way to recover is to insert both the forgotten and the
deleted material, e.g., by typing `I$}'.

./country_tab.tex:128: Missing } inserted.
<inserted text> 
                }
l.128 \end{tabularx}
                    
I've put in what seems to be necessary to fix
the current column of the current alignment.
Try to go on, since this might almost work.

./country_tab.tex:128: Extra }, or forgotten $.
<inserted text> }
                 
l.128 \end{tabularx}
                    
I've deleted a group-closing symbol because it seems to be
spurious, as in `$x}$'. But perhaps the } is legitimate and
you forgot something else, as in `\hbox{$x}'. In such cases
the way to recover is to insert both the forgotten and the
deleted material, e.g., by typing `I$}'.

./country_tab.tex:128: Missing } inserted.
<inserted text> 
                }
l.128 \end{tabularx}
                    
I've put in what seems to be necessary to fix
the current column of the current alignment.
Try to go on, since this might almost work.

./country_tab.tex:128: Extra }, or forgotten $.
<inserted text> }
                 
l.128 \end{tabularx}
                    
I've deleted a group-closing symbol because it seems to be
spurious, as in `$x}$'. But perhaps the } is legitimate and
you forgot something else, as in `\hbox{$x}'. In such cases
the way to recover is to insert both the forgotten and the
deleted material, e.g., by typing `I$}'.

./country_tab.tex:128: Missing } inserted.
<inserted text> 
                }
l.128 \end{tabularx}
                    
I've put in what seems to be necessary to fix
the current column of the current alignment.
Try to go on, since this might almost work.

./country_tab.tex:128: Extra }, or forgotten $.
<inserted text> }
                 
l.128 \end{tabularx}
                    
I've deleted a group-closing symbol because it seems to be
spurious, as in `$x}$'. But perhaps the } is legitimate and
you forgot something else, as in `\hbox{$x}'. In such cases
the way to recover is to insert both the forgotten and the
deleted material, e.g., by typing `I$}'.

./country_tab.tex:128: Missing } inserted.
<inserted text> 
                }
l.128 \end{tabularx}
                    
I've put in what seems to be necessary to fix
the current column of the current alignment.
Try to go on, since this might almost work.

./country_tab.tex:128: Extra }, or forgotten $.
<inserted text> }
                 
l.128 \end{tabularx}
                    
I've deleted a group-closing symbol because it seems to be
spurious, as in `$x}$'. But perhaps the } is legitimate and
you forgot something else, as in `\hbox{$x}'. In such cases
the way to recover is to insert both the forgotten and the
deleted material, e.g., by typing `I$}'.

./country_tab.tex:128: Missing } inserted.
<inserted text> 
                }
l.128 \end{tabularx}
                    
I've put in what seems to be necessary to fix
the current column of the current alignment.
Try to go on, since this might almost work.

./country_tab.tex:128: Extra }, or forgotten $.
<inserted text> }
                 
l.128 \end{tabularx}
                    
I've deleted a group-closing symbol because it seems to be
spurious, as in `$x}$'. But perhaps the } is legitimate and
you forgot something else, as in `\hbox{$x}'. In such cases
the way to recover is to insert both the forgotten and the
deleted material, e.g., by typing `I$}'.

./country_tab.tex:128: Missing } inserted.
<inserted text> 
                }
l.128 \end{tabularx}
                    
I've put in what seems to be necessary to fix
the current column of the current alignment.
Try to go on, since this might almost work.

./country_tab.tex:128: Extra }, or forgotten $.
<inserted text> }
                 
l.128 \end{tabularx}
                    
(That makes 100 errors; please try again.) 
Here is how much of TeX's memory you used:
 895 strings out of 492616
 12195 string characters out of 6129482
 81760 words of memory out of 5000000
 4877 multiletter control sequences out of 15000+600000
 3640 words of font info for 14 fonts, out of 8000000 for 9000
 1141 hyphenation exceptions out of 8191
 24i,10n,32p,164b,257s stack positions out of 5000i,500n,10000p,200000b,80000s

./country_tab.tex:128:  ==> Fatal error occurred, no output PDF file produced!
