
. capture {
clear
cd "/Users/xabajian/Documents/GitHub/ACF_NK_Measurement/scripts/"
sysdir set PERSONAL "/Users/xabajian/Documents/Stata/ado/personal/"
sysdir set PLUS "/Users/xabajian/Library/Application Support/Stata/ado/plus/"
> 
global S_ADO = `"BASE;SITE;.;PERSONAL;PLUS;OLDPLACE"'
mata: mata mlib index
mata: mata set matalibs "lmatabase;lmatamcmc;lmatabma;lmatacollect;lmatatab;l
> mataivqreg;lmatamixlog;lmatami;lmatasem;lmatagsem;lmatasp;lmatapss;lmatalasso
> ;lmatapostest;lmatapath;lmatameta;lmatah2o;lmataopt;lmatats;lmatasvy;lmatajm;
> lmatanumlib;lmatahetdid;lmataado;lmatadata;lmataerm;lmatafc;livreg2;lftools;l
> synth_mata_subr;lxtabond2;lboottest;lmoremata14;lparallel;lgtools;lsax12;lcol
> rspace;lmoremata10;lmoremata;l_cfrmt;lhonestdid;lmoremata11;l__pllrjku5o3ah3_
> mlib"
set seed 62454
noi di "{hline 80}"
-------------------------------------------------------------------------------
> -
noi di "Parallel computing with Stata"
Parallel computing with Stata
noi di "{hline 80}"
-------------------------------------------------------------------------------
> -
noi di `"cmd/dofile   : "__pllrjku5o3ah3_sim_simul.do""'
cmd/dofile   : "__pllrjku5o3ah3_sim_simul.do"
noi di "pll_id       : rjku5o3ah3"
pll_id       : rjku5o3ah3
noi di "pll_instance : 9/16"
pll_instance : 9/16
noi di "tmpdir       : `c(tmpdir)'"
tmpdir       : /var/folders/fz/mhtt80kx4ybfmpt4rm83ns3m0000gn/T/__pllrjku5o3ah3
> _tmpdir0009
noi di "date-time    : `c(current_time)' `c(current_date)'"
date-time    : 15:10:20  5 Feb 2026
noi di "seed         : `c(seed)'"
seed         : XAA000000000000f3f6a987a3397f5fec3fb16c7efb958fc9bb5df9a783f4063
> c88216001efe4dd9b19f5197020dc72aa6ac67864ecfdcf0b7b8bcfe493a0ed8c1f941ddfbd4b
> 2504211b410c7a5eee17301b2ba9808c4ae37a34cfb8c26e05827d6fe3aead2174f3054cd350f
> 28771b3c181bbbb1dd5e8d8cef4cede1bdc374febaa6ea0d7886523d8191ab161bc727363a9f0
> f7f073fb65797f9314dfaf1fdbb22407406d99c66b8bed0a7e665321dc84e3a4db22d7edbcd12
> b47689623b05f014249a7215cb732458e6ded5c9fb7920da1a11a5b9b751dbde43c9acb7182fb
> ae9332386fc692108593f9e2cf1072e0d8ed53937e789fac700f1a336aed8d5d56e9e4b0bfbe3
> 5123e1ef700177ce177dab70d233647f9377499be3681990049e12aa05bb06ed39a0b79c387d1
> 610489149583abf6530683d78da9dfdbca84d7981689607fb4f14c3a0a7cf27b18fd2c5b84e4e
> d8dd278f129a7d8e5e420edb9ba04bf58477103ed847c6677a03e593c6103bd6ad5de833d0ea1
> 866cf3e981ada5e71d421a07245f8b3daee78e46f14319dec2d2f0a23f3297a7429a9a3f57503
> 72b8d197bddfc64855db27f0538a4a69601bef8d96d7931c146dd00c39f517e24eca58aced670
> 87b9c0015e39bc5f21ebacf52bd0ea930e026142fdd755cb763b5a4ed9210c2c8e6e0222b5941
> 9191ac00c7d26c96f6ef3fe82fd875a0c61e5e5f23951cf21b602dbad462ae2001fa83906c2ee
> 87285cd7a10107642273ffc690dc3e4bbb99475794f404171624e14ed0a2815cd0c684885dc39
> 14b81383e19faa75c713dbbba180da77a9112c660abec7a810adb8dcf4b20ab7190b349ea9418
> 4ba9db4148d6eede7543aad2aa139e803d152a8e2e29dbfb1cbc36af6e94306e26295aa8cc191
> 5a6cca5f02133c4287f694a5980c9bca21eeccf16169aa0e0c6484421ad4c723df55a93c1299b
> d4f0399b631cb77832022e44eb305d437a3613445cfc374dc86f8263b70219e6cc97600abe5a1
> ef884bb67dd835eba2f400a7663b8e21ce58ae1edc30d9057cdd9cad9fbcfd6dc03ccceb08cf4
> df97b7ba22d609cef2c1d8634ba4374fde80026ea8353030f75df5bedcb31b8231807a3898da1
> b1e06db3ea904b6e7acea63a2fa1e63295794d5e8e8f74622a93074375d31b53be250b5a16388
> 39a0d10c61f440396eb49b07cd47a2ac66b369d00f5151e9ff0c5817a63abba4e50d02c3c75f1
> 297ae08c4aea5dfc9fc04fa2b514268db49230d13b6a84772bb10f2c25e261a47d2417ec2ef8f
> 3858b40cd383547e907b19bc9d2bd9ca27944807f3740dbbebb42456fec0b58a2e298e6737ba0
> 23a4b25a40b727d8b11a0664b67320e63861bc0db6732ce2bd4d4b1aa95d2f6d42b0b93e7ac45
> 53d1f035ca8b3f2599140862c43c633c6c66044012bae5010b032c514b75c01eaef5bf426df34
> 071222508cd4082c1ee24797c2ef43c42fad35796c8a7d6f077323543c892563bf0819c624241
> eeb7a847e505b9c6422a8c4cd63b63f3798fa94a559af62a515155052ab93d1779202612ad4aa
> e6caa57067c27c48a3e1ad6c63113dc42c8e22afe591a1e335f18c2ecd3026ae954197befd016
> 262f4302a7000203c5c68ad36463ce05657e79c52511350750122883e6f68e0240576c4a01e2b
> 04307c1ea00ee7d5304b21288bd3eef69dc56f19685a951e3b04e67b6d579877b6e1dcde20eb0
> 79db5299bba0e3e30fb3382086df2d54a254c9bebe9ba45f7909c4d1fe0707f5c403ac4735327
> 2810a7d951d9e569f78d47c2f9c3f2e90b734347a82ddbcbc442d2173b35f26d49556839da2f4
> 0249d33ed461db5640288d16afc7827376146dcfca86291f54aace01eec4cac7eeb9af1e4adda
> 999ef756ab614750aa9093a4a23ffdb0f9670f751989803c87ab1a8e7035f3ae7fd4d4bec56cf
> 1a741f9c6d2828035cc0dd8387e2edc3406a5f120168d4c901923c25557e9fad149ff5ba0aa91
> 8af17877685b5c0e4f6f723f36b33725dd5869b75221a9043c2f4a904919b316411c53b9c8518
> 2547ed691647531b0a48def2a1c56d36a6277403864582751389751b1cb8120210ed3b039fd6a
> b4be4f67a3e6e7836f1562e047e9f15da97ade46a5878ec5c7d265160d50040e05b3fd11e10cc
> 37c9cca50a17d5f64f9d53ee9249721d8cd0d3974c0ae199bb651cf35edfc0f8cafc254dca0c5
> 69f0a0f4320db70abe9ce5c2aeccd2e05dff09b1dc9cd58fc5c8d9d73497ab93d6612f0facaa7
> ae90bc1cedcb7836e73eacb3c04b3c6d1dd055980bfe57d548d1143d565feadcd512b0a06073c
> 2ed7d3009b5b618bb4438cd854a5da127b9ace05698852e7ec3500fffbfa4b09d2409c3171787
> 6e980b3bf71bd123d98b5a0954866e20334383e81ed2c280c16f6dfc4c10010813ff098bea9c3
> b2c867d620b2fa1e04ca7d1a6a2bbb9e0c9b069d11ceac3044018a9b7e0e1e65e72acbdf8f56b
> f3bd061f6fd5df307e9d861ad912e455bf90c6df307e0664f1429e0c4fc196a1cf6f48dc9689b
> 78ac153f5b2123183a85008d63db233a189c096de272db03e4b89e3ad36cd66748da94e1e5448
> f242c20581a208bb7fb04c84dee6d13f9615804be1768acee833733fc96d9ac543939aafa54a6
> fb83a1798e2ee2f6b70d4f5cc3c2cd2739cd05c3093c7e534e0df2ee62704a5e9d58a42d8c4c1
> b9458dd96dfe4fe74e2c1322792c2fd5e9afc1613a39a51f99a4df05b5a118a4021df91c9a399
> 83f2accb9863b704e69c2c47a5ea9ee08308c120ed2b7370bfc4f9e9a8af6d19894b9c8dd97ff
> 1c916d19f12c1b099b7913fb381025e0b5de8548cbcb2012daca6c0c88ab64517f1c8587dc0c9
> 25b9df1ce9d22478aa76ac3b3c84220c0a9f9c188cc7efabcc9e45f51dcd9c6b9f5bc02e2ee84
> 76e464379fbf26d5672bcaa270c0e41f98d366e962973df6bd5956d31357e2a26cb1769349c6d
> ba13020f46d1893ad24d2ab355a33a0eda7f32d0ce9747b5c156769ade4ba66c0dd26930fc981
> 095039e769591d701e1bc94ec6374077b2bb94f1d4ee44a502b73d99216f845cf4673b2296311
> 433af45440b4ca24e21712a6da77ad747720a78a141aaea629289731954a3c99d9389db1f331f
> 295dbba382cbb3a64dfa2a543a9c8e6a435a6c8f72f9b4faf3c91d536fb0ea016fcc083702b10
> f51f62d80830a91be0cc0d397cf5460afbd21051d87a6d0e0fdb92651457cd6d858820fb336ff
> 6a9eed1dcb0ca355a013dc7cd56b19c513f1910750c6c06390ac729b9bde138cc1b921562983a
> 3f0567cb9f0c2d33252b8f1f58afcdbabba10ddadbc2c2237491a2d91fa03062d31ec6bb4c95b
> 347b2ba69eee95b09e971fae964c36ca4f20e69c5cd8d08e38ce3ca0851b8f26cb8a48b2bb4c3
> a839fea49310d199f9e9b9a2e944b66573128c968475fa757327d94722eb7436532dba8970203
> c00220164fb4598d28edb9fac2c7312ae7fd449f23d97b972cac3a0b0ead263a0115a28bf2287
> f690001000001380527
noi di "{hline 80}"
-------------------------------------------------------------------------------
> -
local pll_instance 9
local pll_id rjku5o3ah3
global pll_instance 9
global pll_id rjku5o3ah3
mata: for(i=1;i<=1;i++) PLL_QUIET = st_tempname()
}

. local result = _rc

. if (c(rc)) {
. cd "/Users/xabajian/Documents/GitHub/ACF_NK_Measurement/scripts/"
. mata: parallel_write_diagnosis(strofreal(c("rc")),"/Users/xabajian/Documents/
> GitHub/ACF_NK_Measurement/scripts/__pllrjku5o3ah3_finito0009","while setting 
> memory")
. clear
. exit
. }

. 
. * Loading Programs *

. capture {
run "/Users/xabajian/Documents/GitHub/ACF_NK_Measurement/scripts/__pllrjku5o3
> ah3_prog.do"
}

. local result = _rc

. if (c(rc)) {
. cd "/Users/xabajian/Documents/GitHub/ACF_NK_Measurement/scripts/"
. mata: parallel_write_diagnosis(strofreal(c("rc")),"/Users/xabajian/Documents/
> GitHub/ACF_NK_Measurement/scripts/__pllrjku5o3ah3_finito0009","while loading 
> programs")
. clear
. exit
. }

. 
. * Checking for break *

. mata: parallel_break()

. 
. * Loading Globals *

. capture {
cap run "/Users/xabajian/Documents/GitHub/ACF_NK_Measurement/scripts/__pllrjk
> u5o3ah3_glob.do"
}

. if (c(rc)) {
.   cd "/Users/xabajian/Documents/GitHub/ACF_NK_Measurement/scripts/"
.   mata: parallel_write_diagnosis(strofreal(c("rc")),"/Users/xabajian/Document
> s/GitHub/ACF_NK_Measurement/scripts/__pllrjku5o3ah3_finito0009","while loadin
> g globals")
.   clear
.   exit
. }

. 
. * Checking for break *

. mata: parallel_break()

. capture {
  noisily {
. 
. * Checking for break *
. mata: parallel_break()
.     use __pllrjku5o3ah3_sim_dta.dta, clear
.     if (`pll_instance'==$PLL_CHILDREN) local reps = 62500
.     else local reps = 62500
.     local pll_instance : di %04.0f `pll_instance'
.     simulate alpha_1NK_out = alpha_1NK alpha_noNK_out  = alpha_noNK TFP_bias_
> n1 = no_N1_bias_scalar TFP_bias_nK = no_NK_bias_scalar   corr_N1_N2_out = cor
> r_N1_N2   corr_N1_K_out = corr_N1_K , sav(__pll`pll_id'_sim_eststore`pll_inst
> ance', replace  )  rep(`reps'): simulate_MC_draw , obs(70) mu(0.01) sigma(0.0
> 1) gK(0.01) gL(0.01) gA(0.01) sdK(.0094350790604949) sdL(.0138540137559175) s
> dA(.0107752569019794)

         Command: simulate_MC_draw, obs(70) mu(0.01) sigma(0.01) gK(0.01)
                      gL(0.01) gA(0.01) sdK(.0094350790604949)
                      sdL(.0138540137559175) sdA(.0107752569019794)
   alpha_1NK_out: alpha_1NK
  alpha_noNK_out: alpha_noNK
     TFP_bias_n1: no_N1_bias_scalar
     TFP_bias_nK: no_NK_bias_scalar
  corr_N1_N2_out: corr_N1_N2
   corr_N1_K_out: corr_N1_K
(file __pllrjku5o3ah3_sim_eststore0009.dta not found)

Simulations (62,500): .........10.........20.........30.........40.........50..
> .......60.........70.........80.........90.........100.........110.........12
> 0.........130.........140.........150.........160.........170.........180....
> .....190.........200.........210.........220.........230.........240.........
> 250.........260.........270.........280.........290.........300.........310..
> .......320.........330.........340.........350.........360.........370.......
> ..380.........390.........400.........410.........420.........430.........440
> .........450.........460.........470.........480.........490.........500.....
> ....510.........520.........530.........540.........550.........560.........5
> 70.........580.........590.........600.........610.........620.........630...
> ......640.........650.........660.........670.........680.........690........
> .700.........710.........720.........730.........740.........750.........760.
> ........770.........780.........790.........800.........810.........820......
> ...830.........840.........850.........860.........870.........880.........89
> 0.........900.........910.........920.........930.........940.........950....
> .....960.........970.........980.........990.........1,000.........1,010.....
> ....1,020.........1,030.........1,040.........1,050.........1,060.........1,0
> 70.........1,080.........1,090.........1,100.........1,110.........1,120.....
> ....1,130.........1,140.........1,150.........1,160.........1,170.........1,1
> 80.........1,190.........1,200.........1,210.........1,220.........1,230.....
> ....1,240.........1,250.........1,260.........1,270.........1,280.........1,2
> 90.........1,300.........1,310.........1,320.........1,330.........1,340.....
> ....1,350.........1,360.........1,370.........1,380.........1,390.........1,4
> 00.........1,410.........1,420.........1,430.........1,440.........1,450.....
> ....1,460.........1,470.........1,480.........1,490.........1,500.........1,5
> 10.........1,520.........1,530.........1,540.........1,550.........1,560.....
> ....1,570.........1,580.........1,590.........1,600.........1,610.........1,6
> 20.........1,630.........1,640.........1,650.........1,660.........1,670.....
> ....1,680.........1,690.........1,700.........1,710.........1,720.........1,7
> 30.........1,740.........1,750.........1,760.........1,770.........1,780.....
> ....1,790.........1,800.........1,810.........1,820.........1,830.........1,8
> 40.........1,850.........1,860.........1,870.........1,880.........1,890.....
> ....1,900.........1,910.........1,920.........1,930.........1,940.........1,9
> 50.........1,960.........1,970.........1,980.........1,990.........2,000.....
> ....2,010.........2,020.........2,030.........2,040.........2,050.........2,0
> 60.........2,070.........2,080.........2,090.........2,100.........2,110.....
> ....2,120.........2,130.........2,140.........2,150.........2,160.........2,1
> 70.........2,180.........2,190.........2,200.........2,210.........2,220.....
> ....2,230.........2,240.........2,250.........2,260.........2,270.........2,2
> 80.........2,290.........2,300.........2,310.........2,320.........2,330.....
> ....2,340.........2,350.........2,360.........2,370.........2,380.........2,3
> 90.........2,400.........2,410.........2,420.........2,430.........2,440.....
> ....2,450.........2,460.........2,470.........2,480.........2,490.........2,5
> 00.........2,510.........2,520.........2,530.........2,540.........2,550.....
> ....2,560.........2,570.........2,580.........2,590.........2,600.........2,6
> 10.........2,620.........2,630.........2,640.........2,650.........2,660.....
> ....2,670.........2,680.........2,690.........2,700.........2,710.........2,7
> 20.........2,730.........2,740.........2,750.........2,760.........2,770.....
> ....2,780.........2,790.........2,800.........2,810.........2,820.........2,8
> 30.........2,840.........2,850.........2,860.........2,870.........2,880.....
> ....2,890.........2,900.........2,910.........2,920.........2,930.........2,9
> 40.........2,950.........2,960.........2,970.........2,980.........2,990.....
> ....3,000.........3,010.........3,020.........3,030.........3,040.........3,0
> 50.........3,060.........3,070.........3,080.........3,090.........3,100.....
> ....3,110.........3,120.........3,130.........3,140.........3,150.........3,1
> 60.........3,170.........3,180.........3,190.........3,200.........3,210.....
> ....3,220.........3,230.........3,240.........3,250.........3,260.........3,2
> 70.........3,280.........3,290.........3,300.........3,310.........3,320.....
> ....3,330.........3,340.........3,350.........3,360.........3,370.........3,3
> 80.........3,390.........3,400.........3,410.........3,420.........3,430.....
> ....3,440.........3,450.........3,460.........3,470.........3,480.........3,4
> 90.........3,500.........3,510.........3,520.........3,530.........3,540.....
> ....3,550.........3,560.........3,570.........3,580.........3,590.........3,6
> 00.........3,610.........3,620.........3,630.........3,640.........3,650.....
> ....3,660.........3,670.........3,680.........3,690.........3,700.........3,7
> 10.........3,720.........3,730.........3,740.........3,750.........3,760.....
> ....3,770.........3,780.........3,790.........3,800.........3,810.........3,8
> 20.........3,830.........3,840.........3,850.........3,860.........3,870.....
> ....3,880.........3,890.........3,900.........3,910.........3,920.........3,9
> 30.........3,940.........3,950.........3,960.........3,970.........3,980.....
> ....3,990.........4,000.........4,010.........4,020.........4,030.........4,0
> 40.........4,050.........4,060.........4,070.........4,080.........4,090.....
> ....4,100.........4,110.........4,120.........4,130.........4,140.........4,1
> 50.........4,160.........4,170.........4,180.........4,190.........4,200.....
> ....4,210.........4,220.........4,230.........4,240.........4,250.........4,2
> 60.........4,270.........4,280.........4,290.........4,300.........4,310.....
> ....4,320.........4,330.........4,340.........4,350.........4,360.........4,3
> 70.........4,380.........4,390.........4,400.........4,410.........4,420.....
> ....4,430.........4,440.........4,450.........4,460.........4,470.........4,4
> 80.........4,490.........4,500.........4,510.........4,520.........4,530.....
> ....4,540.........4,550.........4,560.........4,570.........4,580.........4,5
> 90.........4,600.........4,610.........4,620.........4,630.........4,640.....
> ....4,650.........4,660.........4,670.........4,680.........4,690.........4,7
> 00.........4,710.........4,720.........4,730.........4,740.........4,750.....
> ....4,760.........4,770.........4,780.........4,790.........4,800.........4,8
> 10.........4,820.........4,830.........4,840.........4,850.........4,860.....
> ....4,870.........4,880.........4,890.........4,900.........4,910.........4,9
> 20.........4,930.........4,940.........4,950.........4,960.........4,970.....
> ....4,980.........4,990.........5,000.........5,010.........5,020.........5,0
> 30.........5,040.........5,050.........5,060.........5,070.........5,080.....
> ....5,090.........5,100.........5,110.........5,120.........5,130.........5,1
> 40.........5,150.........5,160.........5,170.........5,180.........5,190.....
> ....5,200.........5,210.........5,220.........5,230.........5,240.........5,2
> 50.........5,260.........5,270.........5,280.........5,290.........5,300.....
> ....5,310.........5,320.........5,330.........5,340.........5,350.........5,3
> 60.........5,370.........5,380.........5,390.........5,400.........5,410.....
> ....5,420.........5,430.........5,440.........5,450.........5,460.........5,4
> 70.........5,480.........5,490.........5,500.........5,510.........5,520.....
> ....5,530.........5,540.........5,550.........5,560.........5,570.........5,5
> 80.........5,590.........5,600.........5,610.........5,620.........5,630.....
> ....5,640.........5,650.........5,660.........5,670.........5,680.........5,6
> 90.........5,700.........5,710.........5,720.........5,730.........5,740.....
> ....5,750.........5,760.........5,770.........5,780.........5,790.........5,8
> 00.........5,810.........5,820.........5,830.........5,840.........5,850.....
> ....5,860.........5,870.........5,880.........5,890.........5,900.........5,9
> 10.........5,920.........5,930.........5,940.........5,950.........5,960.....
> ....5,970.........5,980.........5,990.........6,000.........6,010.........6,0
> 20.........6,030.........6,040.........6,050.........6,060.........6,070.....
> ....6,080.........6,090.........6,100.........6,110.........6,120.........6,1
> 30.........6,140.........6,150.........6,160.........6,170.........6,180.....
> ....6,190.........6,200.........6,210.........6,220.........6,230.........6,2
> 40.........6,250.........6,260.........6,270.........6,280.........6,290.....
> ....6,300.........6,310.........6,320.........6,330.........6,340.........6,3
> 50.........6,360.........6,370.........6,380.........6,390.........6,400.....
> ....6,410.........6,420.........6,430.........6,440.........6,450.........6,4
> 60.........6,470.........6,480.........6,490.........6,500.........6,510.....
> ....6,520.........6,530.........6,540.........6,550.........6,560.........6,5
> 70.........6,580.........6,590.........6,600.........6,610.........6,620.....
> ....6,630.........6,640.........6,650.........6,660.........6,670.........6,6
> 80.........6,690.........6,700.........6,710.........6,720.........6,730.....
> ....6,740.........6,750.........6,760.........6,770.........6,780.........6,7
> 90.........6,800.........6,810.........6,820.........6,830.........6,840.....
> ....6,850.........6,860.........6,870.........6,880.........6,890.........6,9
> 00.........6,910.........6,920.........6,930.........6,940.........6,950.....
> ....6,960.........6,970.........6,980.........6,990.........7,000.........7,0
> 10.........7,020.........7,030.........7,040.........7,050.........7,060.....
> ....7,070.........7,080.........7,090.........7,100.........7,110.........7,1
> 20.........7,130.........7,140.........7,150.........7,160.........7,170.....
> ....7,180.........7,190.........7,200.........7,210.........7,220.........7,2
> 30.........7,240.........7,250.........7,260.........7,270.........7,280.....
> ....7,290.........7,300.........7,310.........7,320.........7,330.........7,3
> 40.........7,350.........7,360.........7,370.........7,380.........7,390.....
> ....7,400.........7,410.........7,420.........7,430.........7,440.........7,4
> 50.........7,460.........7,470.........7,480.........7,490.........7,500.....
> ....7,510.........7,520.........7,530.........7,540.........7,550.........7,5
> 60.........7,570.........7,580.........7,590.........7,600.........7,610.....
> ....7,620.........7,630.........7,640.........7,650.........7,660.........7,6
> 70.........7,680.........7,690.........7,700.........7,710.........7,720.....
> ....7,730.........7,740.........7,750.........7,760.........7,770.........7,7
> 80.........7,790.........7,800.........7,810.........7,820.........7,830.....
> ....7,840.........7,850.........7,860.........7,870.........7,880.........7,8
> 90.........7,900.........7,910.........7,920.........7,930.........7,940.....
> ....7,950.........7,960.........7,970.........7,980.........7,990.........8,0
> 00.........8,010.........8,020.........8,030.........8,040.........8,050.....
> ....8,060.........8,070.........8,080.........8,090.........8,100.........8,1
> 10.........8,120.........8,130.........8,140.........8,150.........8,160.....
> ....8,170.........8,180.........8,190.........8,200.........8,210.........8,2
> 20.........8,230.........8,240.........8,250.........8,260.........8,270.....
> ....8,280.........8,290.........8,300.........8,310.........8,320.........8,3
> 30.........8,340.........8,350.........8,360.........8,370.........8,380.....
> ....8,390.........8,400.........8,410.........8,420.........8,430.........8,4
> 40.........8,450.........8,460.........8,470.........8,480.........8,490.....
> ....8,500.........8,510.........8,520.........8,530.........8,540.........8,5
> 50.........8,560.........8,570.........8,580.........8,590.........8,600.....
> ....8,610.........8,620.........8,630.........8,640.........8,650.........8,6
> 60.........8,670.........8,680.........8,690.........8,700.........8,710.....
> ....8,720.........8,730.........8,740.........8,750.........8,760.........8,7
> 70.........8,780.........8,790.........8,800.........8,810.........8,820.....
> ....8,830.........8,840.........8,850.........8,860.........8,870.........8,8
> 80.........8,890.........8,900.........8,910.........8,920.........8,930.....
> ....8,940.........8,950.........8,960.........8,970.........8,980.........8,9
> 90.........9,000.........9,010.........9,020.........9,030.........9,040.....
> ....9,050.........9,060.........9,070.........9,080.........9,090.........9,1
> 00.........9,110.........9,120.........9,130.........9,140.........9,150.....
> ....9,160.........9,170.........9,180.........9,190.........9,200.........9,2
> 10.........9,220.........9,230.........9,240.........9,250.........9,260.....
> ....9,270.........9,280.........9,290.........9,300.........9,310.........9,3
> 20.........9,330.........9,340.........9,350.........9,360.........9,370.....
> ....9,380.........9,390.........9,400.........9,410.........9,420.........9,4
> 30.........9,440.........9,450.........9,460.........9,470.........9,480.....
> ....9,490.........9,500.........9,510.........9,520.........9,530.........9,5
> 40.........9,550.........9,560.........9,570.........9,580.........9,590.....
> ....9,600.........9,610.........9,620.........9,630.........9,640.........9,6
> 50.........9,660.........9,670.........9,680.........9,690.........9,700.....
> ....9,710.........9,720.........9,730.........9,740.........9,750.........9,7
> 60.........9,770.........9,780.........9,790.........9,800.........9,810.....
> ....9,820.........9,830.........9,840.........9,850.........9,860.........9,8
> 70.........9,880.........9,890.........9,900.........9,910.........9,920.....
> ....9,930.........9,940.........9,950.........9,960.........9,970.........9,9
> 80.........9,990.........10,000.........10,010.........10,020.........10,030.
> ........10,040.........10,050.........10,060.........10,070.........10,080...
> ......10,090.........10,100.........10,110.........10,120.........10,130.....
> ....10,140.........10,150.........10,160.........10,170.........10,180.......
> ..10,190.........10,200.........10,210.........10,220.........10,230.........
> 10,240.........10,250.........10,260.........10,270.........10,280.........10
> ,290.........10,300.........10,310.........10,320.........10,330.........10,3
> 40.........10,350.........10,360.........10,370.........10,380.........10,390
> .........10,400.........10,410.........10,420.........10,430.........10,440..
> .......10,450.........10,460.........10,470.........10,480.........10,490....
> .....10,500.........10,510.........10,520.........10,530.........10,540......
> ...10,550.........10,560.........10,570.........10,580.........10,590........
> .10,600.........10,610.........10,620.........10,630.........10,640.........1
> 0,650.........10,660.........10,670.........10,680.........10,690.........10,
> 700.........10,710.........10,720.........10,730.........10,740.........10,75
> 0.........10,760.........10,770.........10,780.........10,790.........10,800.
> ........10,810.........10,820.........10,830.........10,840.........10,850...
> ......10,860.........10,870.........10,880.........10,890.........10,900.....
> ....10,910.........10,920.........10,930.........10,940.........10,950.......
> ..10,960.........10,970.........10,980.........10,990.........11,000.........
> 11,010.........11,020.........11,030.........11,040.........11,050.........11
> ,060.........11,070.........11,080.........11,090.........11,100.........11,1
> 10.........11,120.........11,130.........11,140.........11,150.........11,160
> .........11,170.........11,180.........11,190.........11,200.........11,210..
> .......11,220.........11,230.........11,240.........11,250.........11,260....
> .....11,270.........11,280.........11,290.........11,300.........11,310......
> ...11,320.........11,330.........11,340.........11,350.........11,360........
> .11,370.........11,380.........11,390.........11,400.........11,410.........1
> 1,420.........11,430.........11,440.........11,450.........11,460.........11,
> 470.........11,480.........11,490.........11,500.........11,510.........11,52
> 0.........11,530.........11,540.........11,550.........11,560.........11,570.
> ........11,580.........11,590.........11,600.........11,610.........11,620...
> ......11,630.........11,640.........11,650.........11,660.........11,670.....
> ....11,680.........11,690.........11,700.........11,710.........11,720.......
> ..11,730.........11,740.........11,750.........11,760.........11,770.........
> 11,780.........11,790.........11,800.........11,810.........11,820.........11
> ,830.........11,840.........11,850.........11,860.........11,870.........11,8
> 80.........11,890.........11,900.........11,910.........11,920.........11,930
> .........11,940.........11,950.........11,960.........11,970.........11,980..
> .......11,990.........12,000.........12,010.........12,020.........12,030....
> .....12,040.........12,050.........12,060.........12,070.........12,080......
> ...12,090.........12,100.........12,110.........12,120.........12,130........
> .12,140.........12,150.........12,160.........12,170.........12,180.........1
> 2,190.........12,200.........12,210.........12,220.........12,230.........12,
> 240.........12,250.........12,260.........12,270.........12,280.........12,29
> 0.........12,300.........12,310.........12,320.........12,330.........12,340.
> ........12,350.........12,360.........12,370.........12,380.........12,390...
> ......12,400.........12,410.........12,420.........12,430.........12,440.....
> ....12,450.........12,460.........12,470.........12,480.........12,490.......
> ..12,500.........12,510.........12,520.........12,530.........12,540.........
> 12,550.........12,560.........12,570.........12,580.........12,590.........12
> ,600.........12,610.........12,620.........12,630.........12,640.........12,6
> 50.........12,660.........12,670.........12,680.........12,690.........12,700
> .........12,710.........12,720.........12,730.........12,740.........12,750..
> .......12,760.........12,770.........12,780.........12,790.........12,800....
> .....12,810.........12,820.........12,830.........12,840.........12,850......
> ...12,860.........12,870.........12,880.........12,890.........12,900........
> .12,910.........12,920.........12,930.........12,940.........12,950.........1
> 2,960.........12,970.........12,980.........12,990.........13,000.........13,
> 010.........13,020.........13,030.........13,040.........13,050.........13,06
> 0.........13,070.........13,080.........13,090.........13,100.........13,110.
> ........13,120.........13,130.........13,140.........13,150.........13,160...
> ......13,170.........13,180.........13,190.........13,200.........13,210.....
> ....13,220.........13,230.........13,240.........13,250.........13,260.......
> ..13,270.........13,280.........13,290.........13,300.........13,310.........
> 13,320.........13,330.........13,340.........13,350.........13,360.........13
> ,370.........13,380.........13,390.........13,400.........13,410.........13,4
> 20.........13,430.........13,440.........13,450.........13,460.........13,470
> .........13,480.........13,490.........13,500.........13,510.........13,520..
> .......13,530.........13,540.........13,550.........13,560.........13,570....
> .....13,580.........13,590.........13,600.........13,610.........13,620......
> ...13,630.........13,640.........13,650.........13,660.........13,670........
> .13,680.........13,690.........13,700.........13,710.........13,720.........1
> 3,730.........13,740.........13,750.........13,760.........13,770.........13,
> 780.........13,790.........13,800.........13,810.........13,820.........13,83
> 0.........13,840.........13,850.........13,860.........13,870.........13,880.
> ........13,890.........13,900.........13,910.........13,920.........13,930...
> ......13,940.........13,950.........13,960.........13,970.........13,980.....
> ....13,990.........14,000.........14,010.........14,020.........14,030.......
> ..14,040.........14,050.........14,060.........14,070.........14,080.........
> 14,090.........14,100.........14,110.........14,120.........14,130.........14
> ,140.........14,150.........14,160.........14,170.........14,180.........14,1
> 90.........14,200.........14,210.........14,220.........14,230.........14,240
> .........14,250.........14,260.........14,270.........14,280.........14,290..
> .......14,300.........14,310.........14,320.........14,330.........14,340....
> .....14,350.........14,360.........14,370.........14,380.........14,390......
> ...14,400.........14,410.........14,420.........14,430.........14,440........
> .14,450.........14,460.........14,470.........14,480.........14,490.........1
> 4,500.........14,510.........14,520.........14,530.........14,540.........14,
> 550.........14,560.........14,570.........14,580.........14,590.........14,60
> 0.........14,610.........14,620.........14,630.........14,640.........14,650.
> ........14,660.........14,670.........14,680.........14,690.........14,700...
> ......14,710.........14,720.........14,730.........14,740.........14,750.....
> ....14,760.........14,770.........14,780.........14,790.........14,800.......
> ..14,810.........14,820.........14,830.........14,840.........14,850.........
> 14,860.........14,870.........14,880.........14,890.........14,900.........14
> ,910.........14,920.........14,930.........14,940.........14,950.........14,9
> 60.........14,970.........14,980.........14,990.........15,000.........15,010
> .........15,020.........15,030.........15,040.........15,050.........15,060..
> .......15,070.........15,080.........15,090.........15,100.........15,110....
> .....15,120.........15,130.........15,140.........15,150.........15,160......
> ...15,170.........15,180.........15,190.........15,200.........15,210........
> .15,220.........15,230.........15,240.........15,250.........15,260.........1
> 5,270.........15,280.........15,290.........15,300.........15,310.........15,
> 320.........15,330.........15,340.........15,350.........15,360.........15,37
> 0.........15,380.........15,390.........15,400.........15,410.........15,420.
> ........15,430.........15,440.........15,450.........15,460.........15,470...
> ......15,480.........15,490.........15,500.........15,510.........15,520.....
> ....15,530.........15,540.........15,550.........15,560.........15,570.......
> ..15,580.........15,590.........15,600.........15,610.........15,620.........
> 15,630.........15,640.........15,650.........15,660.........15,670.........15
> ,680.........15,690.........15,700.........15,710.........15,720.........15,7
> 30.........15,740.........15,750.........15,760.........15,770.........15,780
> .........15,790.........15,800.........15,810.........15,820.........15,830..
> .......15,840.........15,850.........15,860.........15,870.........15,880....
> .....15,890.........15,900.........15,910.........15,920.........15,930......
> ...15,940.........15,950.........15,960.........15,970.........15,980........
> .15,990.........16,000.........16,010.........16,020.........16,030.........1
> 6,040.........16,050.........16,060.........16,070.........16,080.........16,
> 090.........16,100.........16,110.........16,120.........16,130.........16,14
> 0.........16,150.........16,160.........16,170.........16,180.........16,190.
> ........16,200.........16,210.........16,220.........16,230.........16,240...
> ......16,250.........16,260.........16,270.........16,280.........16,290.....
> ....16,300.........16,310.........16,320.........16,330.........16,340.......
> ..16,350.........16,360.........16,370.........16,380.........16,390.........
> 16,400.........16,410.........16,420.........16,430.........16,440.........16
> ,450.........16,460.........16,470.........16,480.........16,490.........16,5
> 00.........16,510.........16,520.........16,530.........16,540.........16,550
> .........16,560.........16,570.........16,580.........16,590.........16,600..
> .......16,610.........16,620.........16,630.........16,640.........16,650....
> .....16,660.........16,670.........16,680.........16,690.........16,700......
> ...16,710.........16,720.........16,730.........16,740.........16,750........
> .16,760.........16,770.........16,780.........16,790.........16,800.........1
> 6,810.........16,820.........16,830.........16,840.........16,850.........16,
> 860.........16,870.........16,880.........16,890.........16,900.........16,91
> 0.........16,920.........16,930.........16,940.........16,950.........16,960.
> ........16,970.........16,980.........16,990.........17,000.........17,010...
> ......17,020.........17,030.........17,040.........17,050.........17,060.....
> ....17,070.........17,080.........17,090.........17,100.........17,110.......
> ..17,120.........17,130.........17,140.........17,150.........17,160.........
> 17,170.........17,180.........17,190.........17,200.........17,210.........17
> ,220.........17,230.........17,240.........17,250.........17,260.........17,2
> 70.........17,280.........17,290.........17,300.........17,310.........17,320
> .........17,330.........17,340.........17,350.........17,360.........17,370..
> .......17,380.........17,390.........17,400.........17,410.........17,420....
> .....17,430.........17,440.........17,450.........17,460.........17,470......
> ...17,480.........17,490.........17,500.........17,510.........17,520........
> .17,530.........17,540.........17,550.........17,560.........17,570.........1
> 7,580.........17,590.........17,600.........17,610.........17,620.........17,
> 630.........17,640.........17,650.........17,660.........17,670.........17,68
> 0.........17,690.........17,700.........17,710.........17,720.........17,730.
> ........17,740.........17,750.........17,760.........17,770.........17,780...
> ......17,790.........17,800.........17,810.........17,820.........17,830.....
> ....17,840.........17,850.........17,860.........17,870.........17,880.......
> ..17,890.........17,900.........17,910.........17,920.........17,930.........
> 17,940.........17,950.........17,960.........17,970.........17,980.........17
> ,990.........18,000.........18,010.........18,020.........18,030.........18,0
> 40.........18,050.........18,060.........18,070.........18,080.........18,090
> .........18,100.........18,110.........18,120.........18,130.........18,140..
> .......18,150.........18,160.........18,170.........18,180.........18,190....
> .....18,200.........18,210.........18,220.........18,230.........18,240......
> ...18,250.........18,260.........18,270.........18,280.........18,290........
> .18,300.........18,310.........18,320.........18,330.........18,340.........1
> 8,350.........18,360.........18,370.........18,380.........18,390.........18,
> 400.........18,410.........18,420.........18,430.........18,440.........18,45
> 0.........18,460.........18,470.........18,480.........18,490.........18,500.
> ........18,510.........18,520.........18,530.........18,540.........18,550...
> ......18,560.........18,570.........18,580.........18,590.........18,600.....
> ....18,610.........18,620.........18,630.........18,640.........18,650.......
> ..18,660.........18,670.........18,680.........18,690.........18,700.........
> 18,710.........18,720.........18,730.........18,740.........18,750.........18
> ,760.........18,770.........18,780.........18,790.........18,800.........18,8
> 10.........18,820.........18,830.........18,840.........18,850.........18,860
> .........18,870.........18,880.........18,890.........18,900.........18,910..
> .......18,920.........18,930.........18,940.........18,950.........18,960....
> .....18,970.........18,980.........18,990.........19,000.........19,010......
> ...19,020.........19,030.........19,040.........19,050.........19,060........
> .19,070.........19,080.........19,090.........19,100.........19,110.........1
> 9,120.........19,130.........19,140.........19,150.........19,160.........19,
> 170.........19,180.........19,190.........19,200.........19,210.........19,22
> 0.........19,230.........19,240.........19,250.........19,260.........19,270.
> ........19,280.........19,290.........19,300.........19,310.........19,320...
> ......19,330.........19,340.........19,350.........19,360.........19,370.....
> ....19,380.........19,390.........19,400.........19,410.........19,420.......
> ..19,430.........19,440.........19,450.........19,460.........19,470.........
> 19,480.........19,490.........19,500.........19,510.........19,520.........19
> ,530.........19,540.........19,550.........19,560.........19,570.........19,5
> 80.........19,590.........19,600.........19,610.........19,620.........19,630
> .........19,640.........19,650.........19,660.........19,670.........19,680..
> .......19,690.........19,700.........19,710.........19,720.........19,730....
> .....19,740.........19,750.........19,760.........19,770.........19,780......
> ...19,790.........19,800.........19,810.........19,820.........19,830........
> .19,840.........19,850.........19,860.........19,870.........19,880.........1
> 9,890.........19,900.........19,910.........19,920.........19,930.........19,
> 940.........19,950.........19,960.........19,970.........19,980.........19,99
> 0.........20,000.........20,010.........20,020.........20,030.........20,040.
> ........20,050.........20,060.........20,070.........20,080.........20,090...
> ......20,100.........20,110.........20,120.........20,130.........20,140.....
> ....20,150.........20,160.........20,170.........20,180.........20,190.......
> ..20,200.........20,210.........20,220.........20,230.........20,240.........
> 20,250.........20,260.........20,270.........20,280.........20,290.........20
> ,300.........20,310.........20,320.........20,330.........20,340.........20,3
> 50.........20,360.........20,370.........20,380.........20,390.........20,400
> .........20,410.........20,420.........20,430.........20,440.........20,450..
> .......20,460.........20,470.........20,480.........20,490.........20,500....
> .....20,510.........20,520.........20,530.........20,540.........20,550......
> ...20,560.........20,570.........20,580.........20,590.........20,600........
> .20,610.........20,620.........20,630.........20,640.........20,650.........2
> 0,660.........20,670.........20,680.........20,690.........20,700.........20,
> 710.........20,720.........20,730.........20,740.........20,750.........20,76
> 0.........20,770.........20,780.........20,790.........20,800.........20,810.
> ........20,820.........20,830.........20,840.........20,850.........20,860...
> ......20,870.........20,880.........20,890.........20,900.........20,910.....
> ....20,920.........20,930.........20,940.........20,950.........20,960.......
> ..20,970.........20,980.........20,990.........21,000.........21,010.........
> 21,020.........21,030.........21,040.........21,050.........21,060.........21
> ,070.........21,080.........21,090.........21,100.........21,110.........21,1
> 20.........21,130.........21,140.........21,150.........21,160.........21,170
> .........21,180.........21,190.........21,200.........21,210.........21,220..
> .......21,230.........21,240.........21,250.........21,260.........21,270....
> .....21,280.........21,290.........21,300.........21,310.........21,320......
> ...21,330.........21,340.........21,350.........21,360.........21,370........
> .21,380.........21,390.........21,400.........21,410.........21,420.........2
> 1,430.........21,440.........21,450.........21,460.........21,470.........21,
> 480.........21,490.........21,500.........21,510.........21,520.........21,53
> 0.........21,540.........21,550.........21,560.........21,570.........21,580.
> ........21,590.........21,600.........21,610.........21,620.........21,630...
> ......21,640.........21,650.........21,660.........21,670.........21,680.....
> ....21,690.........21,700.........21,710.........21,720.........21,730.......
> ..21,740.........21,750.........21,760.........21,770.........21,780.........
> 21,790.........21,800.........21,810.........21,820.........21,830.........21
> ,840.........21,850.........21,860.........21,870.........21,880.........21,8
> 90.........21,900.........21,910.........21,920.........21,930.........21,940
> .........21,950.........21,960.........21,970.........21,980.........21,990..
> .......22,000.........22,010.........22,020.........22,030.........22,040....
> .....22,050.........22,060.........22,070.........22,080.........22,090......
> ...22,100.........22,110.........22,120.........22,130.........22,140........
> .22,150.........22,160.........22,170.........22,180.........22,190.........2
> 2,200.........22,210.........22,220.........22,230.........22,240.........22,
> 250.........22,260.........22,270.........22,280.........22,290.........22,30
> 0.........22,310.........22,320.........22,330.........22,340.........22,350.
> ........22,360.........22,370.........22,380.........22,390.........22,400...
> ......22,410.........22,420.........22,430.........22,440.........22,450.....
> ....22,460.........22,470.........22,480.........22,490.........22,500.......
> ..22,510.........22,520.........22,530.........22,540.........22,550.........
> 22,560.........22,570.........22,580.........22,590.........22,600.........22
> ,610.........22,620.........22,630.........22,640.........22,650.........22,6
> 60.........22,670.........22,680.........22,690.........22,700.........22,710
> .........22,720.........22,730.........22,740.........22,750.........22,760..
> .......22,770.........22,780.........22,790.........22,800.........22,810....
> .....22,820.........22,830.........22,840.........22,850.........22,860......
> ...22,870.........22,880.........22,890.........22,900.........22,910........
> .22,920.........22,930.........22,940.........22,950.........22,960.........2
> 2,970.........22,980.........22,990.........23,000.........23,010.........23,
> 020.........23,030.........23,040.........23,050.........23,060.........23,07
> 0.........23,080.........23,090.........23,100.........23,110.........23,120.
> ........23,130.........23,140.........23,150.........23,160.........23,170...
> ......23,180.........23,190.........23,200.........23,210.........23,220.....
> ....23,230.........23,240.........23,250.........23,260.........23,270.......
> ..23,280.........23,290.........23,300.........23,310.........23,320.........
> 23,330.........23,340.........23,350.........23,360.........23,370.........23
> ,380.........23,390.........23,400.........23,410.........23,420.........23,4
> 30.........23,440.........23,450.........23,460.........23,470.........23,480
> .........23,490.........23,500.........23,510.........23,520.........23,530..
> .......23,540.........23,550.........23,560.........23,570.........23,580....
> .....23,590.........23,600.........23,610.........23,620.........23,630......
> ...23,640.........23,650.........23,660.........23,670.........23,680........
> .23,690.........23,700.........23,710.........23,720.........23,730.........2
> 3,740.........23,750.........23,760.........23,770.........23,780.........23,
> 790.........23,800.........23,810.........23,820.........23,830.........23,84
> 0.........23,850.........23,860.........23,870.........23,880.........23,890.
> ........23,900.........23,910.........23,920.........23,930.........23,940...
> ......23,950.........23,960.........23,970.........23,980.........23,990.....
> ....24,000.........24,010.........24,020.........24,030.........24,040.......
> ..24,050.........24,060.........24,070.........24,080.........24,090.........
> 24,100.........24,110.........24,120.........24,130.........24,140.........24
> ,150.........24,160.........24,170.........24,180.........24,190.........24,2
> 00.........24,210.........24,220.........24,230.........24,240.........24,250
> .........24,260.........24,270.........24,280.........24,290.........24,300..
> .......24,310.........24,320.........24,330.........24,340.........24,350....
> .....24,360.........24,370.........24,380.........24,390.........24,400......
> ...24,410.........24,420.........24,430.........24,440.........24,450........
> .24,460.........24,470.........24,480.........24,490.........24,500.........2
> 4,510.........24,520.........24,530.........24,540.........24,550.........24,
> 560.........24,570.........24,580.........24,590.........24,600.........24,61
> 0.........24,620.........24,630.........24,640.........24,650.........24,660.
> ........24,670.........24,680.........24,690.........24,700.........24,710...
> ......24,720.........24,730.........24,740.........24,750.........24,760.....
> ....24,770.........24,780.........24,790.........24,800.........24,810.......
> ..24,820.........24,830.........24,840.........24,850.........24,860.........
> 24,870.........24,880.........24,890.........24,900.........24,910.........24
> ,920.........24,930.........24,940.........24,950.........24,960.........24,9
> 70.........24,980.........24,990.........25,000.........25,010.........25,020
> .........25,030.........25,040.........25,050.........25,060.........25,070..
> .......25,080.........25,090.........25,100.........25,110.........25,120....
> .....25,130.........25,140.........25,150.........25,160.........25,170......
> ...25,180.........25,190.........25,200.........25,210.........25,220........
> .25,230.........25,240.........25,250.........25,260.........25,270.........2
> 5,280.........25,290.........25,300.........25,310.........25,320.........25,
> 330.........25,340.........25,350.........25,360.........25,370.........25,38
> 0.........25,390.........25,400.........25,410.........25,420.........25,430.
> ........25,440.........25,450.........25,460.........25,470.........25,480...
> ......25,490.........25,500.........25,510.........25,520.........25,530.....
> ....25,540.........25,550.........25,560.........25,570.........25,580.......
> ..25,590.........25,600.........25,610.........25,620.........25,630.........
> 25,640.........25,650.........25,660.........25,670.........25,680.........25
> ,690.........25,700.........25,710.........25,720.........25,730.........25,7
> 40.........25,750.........25,760.........25,770.........25,780.........25,790
> .........25,800.........25,810.........25,820.........25,830.........25,840..
> .......25,850.........25,860.........25,870.........25,880.........25,890....
> .....25,900.........25,910.........25,920.........25,930.........25,940......
> ...25,950.........25,960.........25,970.........25,980.........25,990........
> .26,000.........26,010.........26,020.........26,030.........26,040.........2
> 6,050.........26,060.........26,070.........26,080.........26,090.........26,
> 100.........26,110.........26,120.........26,130.........26,140.........26,15
> 0.........26,160.........26,170.........26,180.........26,190.........26,200.
> ........26,210.........26,220.........26,230.........26,240.........26,250...
> ......26,260.........26,270.........26,280.........26,290.........26,300.....
> ....26,310.........26,320.........26,330.........26,340.........26,350.......
> ..26,360.........26,370.........26,380.........26,390.........26,400.........
> 26,410.........26,420.........26,430.........26,440.........26,450.........26
> ,460.........26,470.........26,480.........26,490.........26,500.........26,5
> 10.........26,520.........26,530.........26,540.........26,550.........26,560
> .........26,570.........26,580.........26,590.........26,600.........26,610..
> .......26,620.........26,630.........26,640.........26,650.........26,660....
> .....26,670.........26,680.........26,690.........26,700.........26,710......
> ...26,720.........26,730.........26,740.........26,750.........26,760........
> .26,770.........26,780.........26,790.........26,800.........26,810.........2
> 6,820.........26,830.........26,840.........26,850.........26,860.........26,
> 870.........26,880.........26,890.........26,900.........26,910.........26,92
> 0.........26,930.........26,940.........26,950.........26,960.........26,970.
> ........26,980.........26,990.........27,000.........27,010.........27,020...
> ......27,030.........27,040.........27,050.........27,060.........27,070.....
> ....27,080.........27,090.........27,100.........27,110.........27,120.......
> ..27,130.........27,140.........27,150.........27,160.........27,170.........
> 27,180.........27,190.........27,200.........27,210.........27,220.........27
> ,230.........27,240.........27,250.........27,260.........27,270.........27,2
> 80.........27,290.........27,300.........27,310.........27,320.........27,330
> .........27,340.........27,350.........27,360.........27,370.........27,380..
> .......27,390.........27,400.........27,410.........27,420.........27,430....
> .....27,440.........27,450.........27,460.........27,470.........27,480......
> ...27,490.........27,500.........27,510.........27,520.........27,530........
> .27,540.........27,550.........27,560.........27,570.........27,580.........2
> 7,590.........27,600.........27,610.........27,620.........27,630.........27,
> 640.........27,650.........27,660.........27,670.........27,680.........27,69
> 0.........27,700.........27,710.........27,720.........27,730.........27,740.
> ........27,750.........27,760.........27,770.........27,780.........27,790...
> ......27,800.........27,810.........27,820.........27,830.........27,840.....
> ....27,850.........27,860.........27,870.........27,880.........27,890.......
> ..27,900.........27,910.........27,920.........27,930.........27,940.........
> 27,950.........27,960.........27,970.........27,980.........27,990.........28
> ,000.........28,010.........28,020.........28,030.........28,040.........28,0
> 50.........28,060.........28,070.........28,080.........28,090.........28,100
> .........28,110.........28,120.........28,130.........28,140.........28,150..
> .......28,160.........28,170.........28,180.........28,190.........28,200....
> .....28,210.........28,220.........28,230.........28,240.........28,250......
> ...28,260.........28,270.........28,280.........28,290.........28,300........
> .28,310.........28,320.........28,330.........28,340.........28,350.........2
> 8,360.........28,370.........28,380.........28,390.........28,400.........28,
> 410.........28,420.........28,430.........28,440.........28,450.........28,46
> 0.........28,470.........28,480.........28,490.........28,500.........28,510.
> ........28,520.........28,530.........28,540.........28,550.........28,560...
> ......28,570.........28,580.........28,590.........28,600.........28,610.....
> ....28,620.........28,630.........28,640.........28,650.........28,660.......
> ..28,670.........28,680.........28,690.........28,700.........28,710.........
> 28,720.........28,730.........28,740.........28,750.........28,760.........28
> ,770.........28,780.........28,790.........28,800.........28,810.........28,8
> 20.........28,830.........28,840.........28,850.........28,860.........28,870
> .........28,880.........28,890.........28,900.........28,910.........28,920..
> .......28,930.........28,940.........28,950.........28,960.........28,970....
> .....28,980.........28,990.........29,000.........29,010.........29,020......
> ...29,030.........29,040.........29,050.........29,060.........29,070........
> .29,080.........29,090.........29,100.........29,110.........29,120.........2
> 9,130.........29,140.........29,150.........29,160.........29,170.........29,
> 180.........29,190.........29,200.........29,210.........29,220.........29,23
> 0.........29,240.........29,250.........29,260.........29,270.........29,280.
> ........29,290.........29,300.........29,310.........29,320.........29,330...
> ......29,340.........29,350.........29,360.........29,370.........29,380.....
> ....29,390.........29,400.........29,410.........29,420.........29,430.......
> ..29,440.........29,450.........29,460.........29,470.........29,480.........
> 29,490.........29,500.........29,510.........29,520.........29,530.........29
> ,540.........29,550.........29,560.........29,570.........29,580.........29,5
> 90.........29,600.........29,610.........29,620.........29,630.........29,640
> .........29,650.........29,660.........29,670.........29,680.........29,690..
> .......29,700.........29,710.........29,720.........29,730.........29,740....
> .....29,750.........29,760.........29,770.........29,780.........29,790......
> ...29,800.........29,810.........29,820.........29,830.........29,840........
> .29,850.........29,860.........29,870.........29,880.........29,890.........2
> 9,900.........29,910.........29,920.........29,930.........29,940.........29,
> 950.........29,960.........29,970.........29,980.........29,990.........30,00
> 0.........30,010.........30,020.........30,030.........30,040.........30,050.
> ........30,060.........30,070.........30,080.........30,090.........30,100...
> ......30,110.........30,120.........30,130.........30,140.........30,150.....
> ....30,160.........30,170.........30,180.........30,190.........30,200.......
> ..30,210.........30,220.........30,230.........30,240.........30,250.........
> 30,260.........30,270.........30,280.........30,290.........30,300.........30
> ,310.........30,320.........30,330.........30,340.........30,350.........30,3
> 60.........30,370.........30,380.........30,390.........30,400.........30,410
> .........30,420.........30,430.........30,440.........30,450.........30,460..
> .......30,470.........30,480.........30,490.........30,500.........30,510....
> .....30,520.........30,530.........30,540.........30,550.........30,560......
> ...30,570.........30,580.........30,590.........30,600.........30,610........
> .30,620.........30,630.........30,640.........30,650.........30,660.........3
> 0,670.........30,680.........30,690.........30,700.........30,710.........30,
> 720.........30,730.........30,740.........30,750.........30,760.........30,77
> 0.........30,780.........30,790.........30,800.........30,810.........30,820.
> ........30,830.........30,840.........30,850.........30,860.........30,870...
> ......30,880.........30,890.........30,900.........30,910.........30,920.....
> ....30,930.........30,940.........30,950.........30,960.........30,970.......
> ..30,980.........30,990.........31,000.........31,010.........31,020.........
> 31,030.........31,040.........31,050.........31,060.........31,070.........31
> ,080.........31,090.........31,100.........31,110.........31,120.........31,1
> 30.........31,140.........31,150.........31,160.........31,170.........31,180
> .........31,190.........31,200.........31,210.........31,220.........31,230..
> .......31,240.........31,250.........31,260.........31,270.........31,280....
> .....31,290.........31,300.........31,310.........31,320.........31,330......
> ...31,340.........31,350.........31,360.........31,370.........31,380........
> .31,390.........31,400.........31,410.........31,420.........31,430.........3
> 1,440.........31,450.........31,460.........31,470.........31,480.........31,
> 490.........31,500.........31,510.........31,520.........31,530.........31,54
> 0.........31,550.........31,560.........31,570.........31,580.........31,590.
> ........31,600.........31,610.........31,620.........31,630.........31,640...
> ......31,650.........31,660.........31,670.........31,680.........31,690.....
> ....31,700.........31,710.........31,720.........31,730.........31,740.......
> ..31,750.........31,760.........31,770.........31,780.........31,790.........
> 31,800.........31,810.........31,820.........31,830.........31,840.........31
> ,850.........31,860.........31,870.........31,880.........31,890.........31,9
> 00.........31,910.........31,920.........31,930.........31,940.........31,950
> .........31,960.........31,970.........31,980.........31,990.........32,000..
> .......32,010.........32,020.........32,030.........32,040.........32,050....
> .....32,060.........32,070.........32,080.........32,090.........32,100......
> ...32,110.........32,120.........32,130.........32,140.........32,150........
> .32,160.........32,170.........32,180.........32,190.........32,200.........3
> 2,210.........32,220.........32,230.........32,240.........32,250.........32,
> 260.........32,270.........32,280.........32,290.........32,300.........32,31
> 0.........32,320.........32,330.........32,340.........32,350.........32,360.
> ........32,370.........32,380.........32,390.........32,400.........32,410...
> ......32,420.........32,430.........32,440.........32,450.........32,460.....
> ....32,470.........32,480.........32,490.........32,500.........32,510.......
> ..32,520.........32,530.........32,540.........32,550.........32,560.........
> 32,570.........32,580.........32,590.........32,600.........32,610.........32
> ,620.........32,630.........32,640.........32,650.........32,660.........32,6
> 70.........32,680.........32,690.........32,700.........32,710.........32,720
> .........32,730.........32,740.........32,750.........32,760.........32,770..
> .......32,780.........32,790.........32,800.........32,810.........32,820....
> .....32,830.........32,840.........32,850.........32,860.........32,870......
> ...32,880.........32,890.........32,900.........32,910.........32,920........
> .32,930.........32,940.........32,950.........32,960.........32,970.........3
> 2,980.........32,990.........33,000.........33,010.........33,020.........33,
> 030.........33,040.........33,050.........33,060.........33,070.........33,08
> 0.........33,090.........33,100.........33,110.........33,120.........33,130.
> ........33,140.........33,150.........33,160.........33,170.........33,180...
> ......33,190.........33,200.........33,210.........33,220.........33,230.....
> ....33,240.........33,250.........33,260.........33,270.........33,280.......
> ..33,290.........33,300.........33,310.........33,320.........33,330.........
> 33,340.........33,350.........33,360.........33,370.........33,380.........33
> ,390.........33,400.........33,410.........33,420.........33,430.........33,4
> 40.........33,450.........33,460.........33,470.........33,480.........33,490
> .........33,500.........33,510.........33,520.........33,530.........33,540..
> .......33,550.........33,560.........33,570.........33,580.........33,590....
> .....33,600.........33,610.........33,620.........33,630.........33,640......
> ...33,650.........33,660.........33,670.........33,680.........33,690........
> .33,700.........33,710.........33,720.........33,730.........33,740.........3
> 3,750.........33,760.........33,770.........33,780.........33,790.........33,
> 800.........33,810.........33,820.........33,830.........33,840.........33,85
> 0.........33,860.........33,870.........33,880.........33,890.........33,900.
> ........33,910.........33,920.........33,930.........33,940.........33,950...
> ......33,960.........33,970.........33,980.........33,990.........34,000.....
> ....34,010.........34,020.........34,030.........34,040.........34,050.......
> ..34,060.........34,070.........34,080.........34,090.........34,100.........
> 34,110.........34,120.........34,130.........34,140.........34,150.........34
> ,160.........34,170.........34,180.........34,190.........34,200.........34,2
> 10.........34,220.........34,230.........34,240.........34,250.........34,260
> .........34,270.........34,280.........34,290.........34,300.........34,310..
> .......34,320.........34,330.........34,340.........34,350.........34,360....
> .....34,370.........34,380.........34,390.........34,400.........34,410......
> ...34,420.........34,430.........34,440.........34,450.........34,460........
> .34,470.........34,480.........34,490.........34,500.........34,510.........3
> 4,520.........34,530.........34,540.........34,550.........34,560.........34,
> 570.........34,580.........34,590.........34,600.........34,610.........34,62
> 0.........34,630.........34,640.........34,650.........34,660.........34,670.
> ........34,680.........34,690.........34,700.........34,710.........34,720...
> ......34,730.........34,740.........34,750.........34,760.........34,770.....
> ....34,780.........34,790.........34,800.........34,810.........34,820.......
> ..34,830.........34,840.........34,850.........34,860.........34,870.........
> 34,880.........34,890.........34,900.........34,910.........34,920.........34
> ,930.........34,940.........34,950.........34,960.........34,970.........34,9
> 80.........34,990.........35,000.........35,010.........35,020.........35,030
> .........35,040.........35,050.........35,060.........35,070.........35,080..
> .......35,090.........35,100.........35,110.........35,120.........35,130....
> .....35,140.........35,150.........35,160.........35,170.........35,180......
> ...35,190.........35,200.........35,210.........35,220.........35,230........
> .35,240.........35,250.........35,260.........35,270.........35,280.........3
> 5,290.........35,300.........35,310.........35,320.........35,330.........35,
> 340.........35,350.........35,360.........35,370.........35,380.........35,39
> 0.........35,400.........35,410.........35,420.........35,430.........35,440.
> ........35,450.........35,460.........35,470.........35,480.........35,490...
> ......35,500.........35,510.........35,520.........35,530.........35,540.....
> ....35,550.........35,560.........35,570.........35,580.........35,590.......
> ..35,600.........35,610.........35,620.........35,630.........35,640.........
> 35,650.........35,660.........35,670.........35,680.........35,690.........35
> ,700.........35,710.........35,720.........35,730.........35,740.........35,7
> 50.........35,760.........35,770.........35,780.........35,790.........35,800
> .........35,810.........35,820.........35,830.........35,840.........35,850..
> .......35,860.........35,870.........35,880.........35,890.........35,900....
> .....35,910.........35,920.........35,930.........35,940.........35,950......
> ...35,960.........35,970.........35,980.........35,990.........36,000........
> .36,010.........36,020.........36,030.........36,040.........36,050.........3
> 6,060.........36,070.........36,080.........36,090.........36,100.........36,
> 110.........36,120.........36,130.........36,140.........36,150.........36,16
> 0.........36,170.........36,180.........36,190.........36,200.........36,210.
> ........36,220.........36,230.........36,240.........36,250.........36,260...
> ......36,270.........36,280.........36,290.........36,300.........36,310.....
> ....36,320.........36,330.........36,340.........36,350.........36,360.......
> ..36,370.........36,380.........36,390.........36,400.........36,410.........
> 36,420.........36,430.........36,440.........36,450.........36,460.........36
> ,470.........36,480.........36,490.........36,500.........36,510.........36,5
> 20.........36,530.........36,540.........36,550.........36,560.........36,570
> .........36,580.........36,590.........36,600.........36,610.........36,620..
> .......36,630.........36,640.........36,650.........36,660.........36,670....
> .....36,680.........36,690.........36,700.........36,710.........36,720......
> ...36,730.........36,740.........36,750.........36,760.........36,770........
> .36,780.........36,790.........36,800.........36,810.........36,820.........3
> 6,830.........36,840.........36,850.........36,860.........36,870.........36,
> 880.........36,890.........36,900.........36,910.........36,920.........36,93
> 0.........36,940.........36,950.........36,960.........36,970.........36,980.
> ........36,990.........37,000.........37,010.........37,020.........37,030...
> ......37,040.........37,050.........37,060.........37,070.........37,080.....
> ....37,090.........37,100.........37,110.........37,120.........37,130.......
> ..37,140.........37,150.........37,160.........37,170.........37,180.........
> 37,190.........37,200.........37,210.........37,220.........37,230.........37
> ,240.........37,250.........37,260.........37,270.........37,280.........37,2
> 90.........37,300.........37,310.........37,320.........37,330.........37,340
> .........37,350.........37,360.........37,370.........37,380.........37,390..
> .......37,400.........37,410.........37,420.........37,430.........37,440....
> .....37,450.........37,460.........37,470.........37,480.........37,490......
> ...37,500.........37,510.........37,520.........37,530.........37,540........
> .37,550.........37,560.........37,570.........37,580.........37,590.........3
> 7,600.........37,610.........37,620.........37,630.........37,640.........37,
> 650.........37,660.........37,670.........37,680.........37,690.........37,70
> 0.........37,710.........37,720.........37,730.........37,740.........37,750.
> ........37,760.........37,770.........37,780.........37,790.........37,800...
> ......37,810.........37,820.........37,830.........37,840.........37,850.....
> ....37,860.........37,870.........37,880.........37,890.........37,900.......
> ..37,910.........37,920.........37,930.........37,940.........37,950.........
> 37,960.........37,970.........37,980.........37,990.........38,000.........38
> ,010.........38,020.........38,030.........38,040.........38,050.........38,0
> 60.........38,070.........38,080.........38,090.........38,100.........38,110
> .........38,120.........38,130.........38,140.........38,150.........38,160..
> .......38,170.........38,180.........38,190.........38,200.........38,210....
> .....38,220.........38,230.........38,240.........38,250.........38,260......
> ...38,270.........38,280.........38,290.........38,300.........38,310........
> .38,320.........38,330.........38,340.........38,350.........38,360.........3
> 8,370.........38,380.........38,390.........38,400.........38,410.........38,
> 420.........38,430.........38,440.........38,450.........38,460.........38,47
> 0.........38,480.........38,490.........38,500.........38,510.........38,520.
> ........38,530.........38,540.........38,550.........38,560.........38,570...
> ......38,580.........38,590.........38,600.........38,610.........38,620.....
> ....38,630.........38,640.........38,650.........38,660.........38,670.......
> ..38,680.........38,690.........38,700.........38,710.........38,720.........
> 38,730.........38,740.........38,750.........38,760.........38,770.........38
> ,780.........38,790.........38,800.........38,810.........38,820.........38,8
> 30.........38,840.........38,850.........38,860.........38,870.........38,880
> .........38,890.........38,900.........38,910.........38,920.........38,930..
> .......38,940.........38,950.........38,960.........38,970.........38,980....
> .....38,990.........39,000.........39,010.........39,020.........39,030......
> ...39,040.........39,050.........39,060.........39,070.........39,080........
> .39,090.........39,100.........39,110.........39,120.........39,130.........3
> 9,140.........39,150.........39,160.........39,170.........39,180.........39,
> 190.........39,200.........39,210.........39,220.........39,230.........39,24
> 0.........39,250.........39,260.........39,270.........39,280.........39,290.
> ........39,300.........39,310.........39,320.........39,330.........39,340...
> ......39,350.........39,360.........39,370.........39,380.........39,390.....
> ....39,400.........39,410.........39,420.........39,430.........39,440.......
> ..39,450.........39,460.........39,470.........39,480.........39,490.........
> 39,500.........39,510.........39,520.........39,530.........39,540.........39
> ,550.........39,560.........39,570.........39,580.........39,590.........39,6
> 00.........39,610.........39,620.........39,630.........39,640.........39,650
> .........39,660.........39,670.........39,680.........39,690.........39,700..
> .......39,710.........39,720.........39,730.........39,740.........39,750....
> .....39,760.........39,770.........39,780.........39,790.........39,800......
> ...39,810.........39,820.........39,830.........39,840.........39,850........
> .39,860.........39,870.........39,880.........39,890.........39,900.........3
> 9,910.........39,920.........39,930.........39,940.........39,950.........39,
> 960.........39,970.........39,980.........39,990.........40,000.........40,01
> 0.........40,020.........40,030.........40,040.........40,050.........40,060.
> ........40,070.........40,080.........40,090.........40,100.........40,110...
> ......40,120.........40,130.........40,140.........40,150.........40,160.....
> ....40,170.........40,180.........40,190.........40,200.........40,210.......
> ..40,220.........40,230.........40,240.........40,250.........40,260.........
> 40,270.........40,280.........40,290.........40,300.........40,310.........40
> ,320.........40,330.........40,340.........40,350.........40,360.........40,3
> 70.........40,380.........40,390.........40,400.........40,410.........40,420
> .........40,430.........40,440.........40,450.........40,460.........40,470..
> .......40,480.........40,490.........40,500.........40,510.........40,520....
> .....40,530.........40,540.........40,550.........40,560.........40,570......
> ...40,580.........40,590.........40,600.........40,610.........40,620........
> .40,630.........40,640.........40,650.........40,660.........40,670.........4
> 0,680.........40,690.........40,700.........40,710.........40,720.........40,
> 730.........40,740.........40,750.........40,760.........40,770.........40,78
> 0.........40,790.........40,800.........40,810.........40,820.........40,830.
> ........40,840.........40,850.........40,860.........40,870.........40,880...
> ......40,890.........40,900.........40,910.........40,920.........40,930.....
> ....40,940.........40,950.........40,960.........40,970.........40,980.......
> ..40,990.........41,000.........41,010.........41,020.........41,030.........
> 41,040.........41,050.........41,060.........41,070.........41,080.........41
> ,090.........41,100.........41,110.........41,120.........41,130.........41,1
> 40.........41,150.........41,160.........41,170.........41,180.........41,190
> .........41,200.........41,210.........41,220.........41,230.........41,240..
> .......41,250.........41,260.........41,270.........41,280.........41,290....
> .....41,300.........41,310.........41,320.........41,330.........41,340......
> ...41,350.........41,360.........41,370.........41,380.........41,390........
> .41,400.........41,410.........41,420.........41,430.........41,440.........4
> 1,450.........41,460.........41,470.........41,480.........41,490.........41,
> 500.........41,510.........41,520.........41,530.........41,540.........41,55
> 0.........41,560.........41,570.........41,580.........41,590.........41,600.
> ........41,610.........41,620.........41,630.........41,640.........41,650...
> ......41,660.........41,670.........41,680.........41,690.........41,700.....
> ....41,710.........41,720.........41,730.........41,740.........41,750.......
> ..41,760.........41,770.........41,780.........41,790.........41,800.........
> 41,810.........41,820.........41,830.........41,840.........41,850.........41
> ,860.........41,870.........41,880.........41,890.........41,900.........41,9
> 10.........41,920.........41,930.........41,940.........41,950.........41,960
> .........41,970.........41,980.........41,990.........42,000.........42,010..
> .......42,020.........42,030.........42,040.........42,050.........42,060....
> .....42,070.........42,080.........42,090.........42,100.........42,110......
> ...42,120.........42,130.........42,140.........42,150.........42,160........
> .42,170.........42,180.........42,190.........42,200.........42,210.........4
> 2,220.........42,230.........42,240.........42,250.........42,260.........42,
> 270.........42,280.........42,290.........42,300.........42,310.........42,32
> 0.........42,330.........42,340.........42,350.........42,360.........42,370.
> ........42,380.........42,390.........42,400.........42,410.........42,420...
> ......42,430.........42,440.........42,450.........42,460.........42,470.....
> ....42,480.........42,490.........42,500.........42,510.........42,520.......
> ..42,530.........42,540.........42,550.........42,560.........42,570.........
> 42,580.........42,590.........42,600.........42,610.........42,620.........42
> ,630.........42,640.........42,650.........42,660.........42,670.........42,6
> 80.........42,690.........42,700.........42,710.........42,720.........42,730
> .........42,740.........42,750.........42,760.........42,770.........42,780..
> .......42,790.........42,800.........42,810.........42,820.........42,830....
> .....42,840.........42,850.........42,860.........42,870.........42,880......
> ...42,890.........42,900.........42,910.........42,920.........42,930........
> .42,940.........42,950.........42,960.........42,970.........42,980.........4
> 2,990.........43,000.........43,010.........43,020.........43,030.........43,
> 040.........43,050.........43,060.........43,070.........43,080.........43,09
> 0.........43,100.........43,110.........43,120.........43,130.........43,140.
> ........43,150.........43,160.........43,170.........43,180.........43,190...
> ......43,200.........43,210.........43,220.........43,230.........43,240.....
> ....43,250.........43,260.........43,270.........43,280.........43,290.......
> ..43,300.........43,310.........43,320.........43,330.........43,340.........
> 43,350.........43,360.........43,370.........43,380.........43,390.........43
> ,400.........43,410.........43,420.........43,430.........43,440.........43,4
> 50.........43,460.........43,470.........43,480.........43,490.........43,500
> .........43,510.........43,520.........43,530.........43,540.........43,550..
> .......43,560.........43,570.........43,580.........43,590.........43,600....
> .....43,610.........43,620.........43,630.........43,640.........43,650......
> ...43,660.........43,670.........43,680.........43,690.........43,700........
> .43,710.........43,720.........43,730.........43,740.........43,750.........4
> 3,760.........43,770.........43,780.........43,790.........43,800.........43,
> 810.........43,820.........43,830.........43,840.........43,850.........43,86
> 0.........43,870.........43,880.........43,890.........43,900.........43,910.
> ........43,920.........43,930.........43,940.........43,950.........43,960...
> ......43,970.........43,980.........43,990.........44,000.........44,010.....
> ....44,020.........44,030.........44,040.........44,050.........44,060.......
> ..44,070.........44,080.........44,090.........44,100.........44,110.........
> 44,120.........44,130.........44,140.........44,150.........44,160.........44
> ,170.........44,180.........44,190.........44,200.........44,210.........44,2
> 20.........44,230.........44,240.........44,250.........44,260.........44,270
> .........44,280.........44,290.........44,300.........44,310.........44,320..
> .......44,330.........44,340.........44,350.........44,360.........44,370....
> .....44,380.........44,390.........44,400.........44,410.........44,420......
> ...44,430.........44,440.........44,450.........44,460.........44,470........
> .44,480.........44,490.........44,500.........44,510.........44,520.........4
> 4,530.........44,540.........44,550.........44,560.........44,570.........44,
> 580.........44,590.........44,600.........44,610.........44,620.........44,63
> 0.........44,640.........44,650.........44,660.........44,670.........44,680.
> ........44,690.........44,700.........44,710.........44,720.........44,730...
> ......44,740.........44,750.........44,760.........44,770.........44,780.....
> ....44,790.........44,800.........44,810.........44,820.........44,830.......
> ..44,840.........44,850.........44,860.........44,870.........44,880.........
> 44,890.........44,900.........44,910.........44,920.........44,930.........44
> ,940.........44,950.........44,960.........44,970.........44,980.........44,9
> 90.........45,000.........45,010.........45,020.........45,030.........45,040
> .........45,050.........45,060.........45,070.........45,080.........45,090..
> .......45,100.........45,110.........45,120.........45,130.........45,140....
> .....45,150.........45,160.........45,170.........45,180.........45,190......
> ...45,200.........45,210.........45,220.........45,230.........45,240........
> .45,250.........45,260.........45,270.........45,280.........45,290.........4
> 5,300.........45,310.........45,320.........45,330.........45,340.........45,
> 350.........45,360.........45,370.........45,380.........45,390.........45,40
> 0.........45,410.........45,420.........45,430.........45,440.........45,450.
> ........45,460.........45,470.........45,480.........45,490.........45,500...
> ......45,510.........45,520.........45,530.........45,540.........45,550.....
> ....45,560.........45,570.........45,580.........45,590.........45,600.......
> ..45,610.........45,620.........45,630.........45,640.........45,650.........
> 45,660.........45,670.........45,680.........45,690.........45,700.........45
> ,710.........45,720.........45,730.........45,740.........45,750.........45,7
> 60.........45,770.........45,780.........45,790.........45,800.........45,810
> .........45,820.........45,830.........45,840.........45,850.........45,860..
> .......45,870.........45,880.........45,890.........45,900.........45,910....
> .....45,920.........45,930.........45,940.........45,950.........45,960......
> ...45,970.........45,980.........45,990.........46,000.........46,010........
> .46,020.........46,030.........46,040.........46,050.........46,060.........4
> 6,070.........46,080.........46,090.........46,100.........46,110.........46,
> 120.........46,130.........46,140.........46,150.........46,160.........46,17
> 0.........46,180.........46,190.........46,200.........46,210.........46,220.
> ........46,230.........46,240.........46,250.........46,260.........46,270...
> ......46,280.........46,290.........46,300.........46,310.........46,320.....
> ....46,330.........46,340.........46,350.........46,360.........46,370.......
> ..46,380.........46,390.........46,400.........46,410.........46,420.........
> 46,430.........46,440.........46,450.........46,460.........46,470.........46
> ,480.........46,490.........46,500.........46,510.........46,520.........46,5
> 30.........46,540.........46,550.........46,560.........46,570.........46,580
> .........46,590.........46,600.........46,610.........46,620.........46,630..
> .......46,640.........46,650.........46,660.........46,670.........46,680....
> .....46,690.........46,700.........46,710.........46,720.........46,730......
> ...46,740.........46,750.........46,760.........46,770.........46,780........
> .46,790.........46,800.........46,810.........46,820.........46,830.........4
> 6,840.........46,850.........46,860.........46,870.........46,880.........46,
> 890.........46,900.........46,910.........46,920.........46,930.........46,94
> 0.........46,950.........46,960.........46,970.........46,980.........46,990.
> ........47,000.........47,010.........47,020.........47,030.........47,040...
> ......47,050.........47,060.........47,070.........47,080.........47,090.....
> ....47,100.........47,110.........47,120.........47,130.........47,140.......
> ..47,150.........47,160.........47,170.........47,180.........47,190.........
> 47,200.........47,210.........47,220.........47,230.........47,240.........47
> ,250.........47,260.........47,270.........47,280.........47,290.........47,3
> 00.........47,310.........47,320.........47,330.........47,340.........47,350
> .........47,360.........47,370.........47,380.........47,390.........47,400..
> .......47,410.........47,420.........47,430.........47,440.........47,450....
> .....47,460.........47,470.........47,480.........47,490.........47,500......
> ...47,510.........47,520.........47,530.........47,540.........47,550........
> .47,560.........47,570.........47,580.........47,590.........47,600.........4
> 7,610.........47,620.........47,630.........47,640.........47,650.........47,
> 660.........47,670.........47,680.........47,690.........47,700.........47,71
> 0.........47,720.........47,730.........47,740.........47,750.........47,760.
> ........47,770.........47,780.........47,790.........47,800.........47,810...
> ......47,820.........47,830.........47,840.........47,850.........47,860.....
> ....47,870.........47,880.........47,890.........47,900.........47,910.......
> ..47,920.........47,930.........47,940.........47,950.........47,960.........
> 47,970.........47,980.........47,990.........48,000.........48,010.........48
> ,020.........48,030.........48,040.........48,050.........48,060.........48,0
> 70.........48,080.........48,090.........48,100.........48,110.........48,120
> .........48,130.........48,140.........48,150.........48,160.........48,170..
> .......48,180.........48,190.........48,200.........48,210.........48,220....
> .....48,230.........48,240.........48,250.........48,260.........48,270......
> ...48,280.........48,290.........48,300.........48,310.........48,320........
> .48,330.........48,340.........48,350.........48,360.........48,370.........4
> 8,380.........48,390.........48,400.........48,410.........48,420.........48,
> 430.........48,440.........48,450.........48,460.........48,470.........48,48
> 0.........48,490.........48,500.........48,510.........48,520.........48,530.
> ........48,540.........48,550.........48,560.........48,570.........48,580...
> ......48,590.........48,600.........48,610.........48,620.........48,630.....
> ....48,640.........48,650.........48,660.........48,670.........48,680.......
> ..48,690.........48,700.........48,710.........48,720.........48,730.........
> 48,740.........48,750.........48,760.........48,770.........48,780.........48
> ,790.........48,800.........48,810.........48,820.........48,830.........48,8
> 40.........48,850.........48,860.........48,870.........48,880.........48,890
> .........48,900.........48,910.........48,920.........48,930.........48,940..
> .......48,950.........48,960.........48,970.........48,980.........48,990....
> .....49,000.........49,010.........49,020.........49,030.........49,040......
> ...49,050.........49,060.........49,070.........49,080.........49,090........
> .49,100.........49,110.........49,120.........49,130.........49,140.........4
> 9,150.........49,160.........49,170.........49,180.........49,190.........49,
> 200.........49,210.........49,220.........49,230.........49,240.........49,25
> 0.........49,260.........49,270.........49,280.........49,290.........49,300.
> ........49,310.........49,320.........49,330.........49,340.........49,350...
> ......49,360.........49,370.........49,380.........49,390.........49,400.....
> ....49,410.........49,420.........49,430.........49,440.........49,450.......
> ..49,460.........49,470.........49,480.........49,490.........49,500.........
> 49,510.........49,520.........49,530.........49,540.........49,550.........49
> ,560.........49,570.........49,580.........49,590.........49,600.........49,6
> 10.........49,620.........49,630.........49,640.........49,650.........49,660
> .........49,670.........49,680.........49,690.........49,700.........49,710..
> .......49,720.........49,730.........49,740.........49,750.........49,760....
> .....49,770.........49,780.........49,790.........49,800.........49,810......
> ...49,820.........49,830.........49,840.........49,850.........49,860........
> .49,870.........49,880.........49,890.........49,900.........49,910.........4
> 9,920.........49,930.........49,940.........49,950.........49,960.........49,
> 970.........49,980.........49,990.........50,000.........50,010.........50,02
> 0.........50,030.........50,040.........50,050.........50,060.........50,070.
> ........50,080.........50,090.........50,100.........50,110.........50,120...
> ......50,130.........50,140.........50,150.........50,160.........50,170.....
> ....50,180.........50,190.........50,200.........50,210.........50,220.......
> ..50,230.........50,240.........50,250.........50,260.........50,270.........
> 50,280.........50,290.........50,300.........50,310.........50,320.........50
> ,330.........50,340.........50,350.........50,360.........50,370.........50,3
> 80.........50,390.........50,400.........50,410.........50,420.........50,430
> .........50,440.........50,450.........50,460.........50,470.........50,480..
> .......50,490.........50,500.........50,510.........50,520.........50,530....
> .....50,540.........50,550.........50,560.........50,570.........50,580......
> ...50,590.........50,600.........50,610.........50,620.........50,630........
> .50,640.........50,650.........50,660.........50,670.........50,680.........5
> 0,690.........50,700.........50,710.........50,720.........50,730.........50,
> 740.........50,750.........50,760.........50,770.........50,780.........50,79
> 0.........50,800.........50,810.........50,820.........50,830.........50,840.
> ........50,850.........50,860.........50,870.........50,880.........50,890...
> ......50,900.........50,910.........50,920.........50,930.........50,940.....
> ....50,950.........50,960.........50,970.........50,980.........50,990.......
> ..51,000.........51,010.........51,020.........51,030.........51,040.........
> 51,050.........51,060.........51,070.........51,080.........51,090.........51
> ,100.........51,110.........51,120.........51,130.........51,140.........51,1
> 50.........51,160.........51,170.........51,180.........51,190.........51,200
> .........51,210.........51,220.........51,230.........51,240.........51,250..
> .......51,260.........51,270.........51,280.........51,290.........51,300....
> .....51,310.........51,320.........51,330.........51,340.........51,350......
> ...51,360.........51,370.........51,380.........51,390.........51,400........
> .51,410.........51,420.........51,430.........51,440.........51,450.........5
> 1,460.........51,470.........51,480.........51,490.........51,500.........51,
> 510.........51,520.........51,530.........51,540.........51,550.........51,56
> 0.........51,570.........51,580.........51,590.........51,600.........51,610.
> ........51,620.........51,630.........51,640.........51,650.........51,660...
> ......51,670.........51,680.........51,690.........51,700.........51,710.....
> ....51,720.........51,730.........51,740.........51,750.........51,760.......
> ..51,770.........51,780.........51,790.........51,800.........51,810.........
> 51,820.........51,830.........51,840.........51,850.........51,860.........51
> ,870.........51,880.........51,890.........51,900.........51,910.........51,9
> 20.........51,930.........51,940.........51,950.........51,960.........51,970
> .........51,980.........51,990.........52,000.........52,010.........52,020..
> .......52,030.........52,040.........52,050.........52,060.........52,070....
> .....52,080.........52,090.........52,100.........52,110.........52,120......
> ...52,130.........52,140.........52,150.........52,160.........52,170........
> .52,180.........52,190.........52,200.........52,210.........52,220.........5
> 2,230.........52,240.........52,250.........52,260.........52,270.........52,
> 280.........52,290.........52,300.........52,310.........52,320.........52,33
> 0.........52,340.........52,350.........52,360.........52,370.........52,380.
> ........52,390.........52,400.........52,410.........52,420.........52,430...
> ......52,440.........52,450.........52,460.........52,470.........52,480.....
> ....52,490.........52,500.........52,510.........52,520.........52,530.......
> ..52,540.........52,550.........52,560.........52,570.........52,580.........
> 52,590.........52,600.........52,610.........52,620.........52,630.........52
> ,640.........52,650.........52,660.........52,670.........52,680.........52,6
> 90.........52,700.........52,710.........52,720.........52,730.........52,740
> .........52,750.........52,760.........52,770.........52,780.........52,790..
> .......52,800.........52,810.........52,820.........52,830.........52,840....
> .....52,850.........52,860.........52,870.........52,880.........52,890......
> ...52,900.........52,910.........52,920.........52,930.........52,940........
> .52,950.........52,960.........52,970.........52,980.........52,990.........5
> 3,000.........53,010.........53,020.........53,030.........53,040.........53,
> 050.........53,060.........53,070.........53,080.........53,090.........53,10
> 0.........53,110.........53,120.........53,130.........53,140.........53,150.
> ........53,160.........53,170.........53,180.........53,190.........53,200...
> ......53,210.........53,220.........53,230.........53,240.........53,250.....
> ....53,260.........53,270.........53,280.........53,290.........53,300.......
> ..53,310.........53,320.........53,330.........53,340.........53,350.........
> 53,360.........53,370.........53,380.........53,390.........53,400.........53
> ,410.........53,420.........53,430.........53,440.........53,450.........53,4
> 60.........53,470.........53,480.........53,490.........53,500.........53,510
> .........53,520.........53,530.........53,540.........53,550.........53,560..
> .......53,570.........53,580.........53,590.........53,600.........53,610....
> .....53,620.........53,630.........53,640.........53,650.........53,660......
> ...53,670.........53,680.........53,690.........53,700.........53,710........
> .53,720.........53,730.........53,740.........53,750.........53,760.........5
> 3,770.........53,780.........53,790.........53,800.........53,810.........53,
> 820.........53,830.........53,840.........53,850.........53,860.........53,87
> 0.........53,880.........53,890.........53,900.........53,910.........53,920.
> ........53,930.........53,940.........53,950.........53,960.........53,970...
> ......53,980.........53,990.........54,000.........54,010.........54,020.....
> ....54,030.........54,040.........54,050.........54,060.........54,070.......
> ..54,080.........54,090.........54,100.........54,110.........54,120.........
> 54,130.........54,140.........54,150.........54,160.........54,170.........54
> ,180.........54,190.........54,200.........54,210.........54,220.........54,2
> 30.........54,240.........54,250.........54,260.........54,270.........54,280
> .........54,290.........54,300.........54,310.........54,320.........54,330..
> .......54,340.........54,350.........54,360.........54,370.........54,380....
> .....54,390.........54,400.........54,410.........54,420.........54,430......
> ...54,440.........54,450.........54,460.........54,470.........54,480........
> .54,490.........54,500.........54,510.........54,520.........54,530.........5
> 4,540.........54,550.........54,560.........54,570.........54,580.........54,
> 590.........54,600.........54,610.........54,620.........54,630.........54,64
> 0.........54,650.........54,660.........54,670.........54,680.........54,690.
> ........54,700.........54,710.........54,720.........54,730.........54,740...
> ......54,750.........54,760.........54,770.........54,780.........54,790.....
> ....54,800.........54,810.........54,820.........54,830.........54,840.......
> ..54,850.........54,860.........54,870.........54,880.........54,890.........
> 54,900.........54,910.........54,920.........54,930.........54,940.........54
> ,950.........54,960.........54,970.........54,980.........54,990.........55,0
> 00.........55,010.........55,020.........55,030.........55,040.........55,050
> .........55,060.........55,070.........55,080.........55,090.........55,100..
> .......55,110.........55,120.........55,130.........55,140.........55,150....
> .....55,160.........55,170.........55,180.........55,190.........55,200......
> ...55,210.........55,220.........55,230.........55,240.........55,250........
> .55,260.........55,270.........55,280.........55,290.........55,300.........5
> 5,310.........55,320.........55,330.........55,340.........55,350.........55,
> 360.........55,370.........55,380.........55,390.........55,400.........55,41
> 0.........55,420.........55,430.........55,440.........55,450.........55,460.
> ........55,470.........55,480.........55,490.........55,500.........55,510...
> ......55,520.........55,530.........55,540.........55,550.........55,560.....
> ....55,570.........55,580.........55,590.........55,600.........55,610.......
> ..55,620.........55,630.........55,640.........55,650.........55,660.........
> 55,670.........55,680.........55,690.........55,700.........55,710.........55
> ,720.........55,730.........55,740.........55,750.........55,760.........55,7
> 70.........55,780.........55,790.........55,800.........55,810.........55,820
> .........55,830.........55,840.........55,850.........55,860.........55,870..
> .......55,880.........55,890.........55,900.........55,910.........55,920....
> .....55,930.........55,940.........55,950.........55,960.........55,970......
> ...55,980.........55,990.........56,000.........56,010.........56,020...