
. capture {
clear
cd "/Users/xabajian/Documents/GitHub/ACF_NK_Measurement/scripts/"
sysdir set PERSONAL "/Users/xabajian/Documents/Stata/ado/personal/"
sysdir set PLUS "/Users/xabajian/Library/Application Support/Stata/ado/plus/"
> 
global S_ADO = `"BASE;SITE;.;PERSONAL;PLUS;OLDPLACE"'
mata: mata mlib index
mata: mata set matalibs "lmatabase;lmatamcmc;lmatabma;lmatacollect;lmatatab;l
> mataivqreg;lmatamixlog;lmatami;lmatasem;lmatagsem;lmatasp;lmatapss;lmatalasso
> ;lmatapostest;lmatapath;lmatameta;lmatah2o;lmataopt;lmatats;lmatasvy;lmatajm;
> lmatanumlib;lmatahetdid;lmataado;lmatadata;lmataerm;lmatafc;livreg2;lftools;l
> synth_mata_subr;lxtabond2;lboottest;lmoremata14;lparallel;lgtools;lsax12;lcol
> rspace;lmoremata10;lmoremata;l_cfrmt;lhonestdid;lmoremata11;l__pllrjku5o3ah3_
> mlib"
set seed 52844
noi di "{hline 80}"
-------------------------------------------------------------------------------
> -
noi di "Parallel computing with Stata"
Parallel computing with Stata
noi di "{hline 80}"
-------------------------------------------------------------------------------
> -
noi di `"cmd/dofile   : "__pllrjku5o3ah3_sim_simul.do""'
cmd/dofile   : "__pllrjku5o3ah3_sim_simul.do"
noi di "pll_id       : rjku5o3ah3"
pll_id       : rjku5o3ah3
noi di "pll_instance : 6/16"
pll_instance : 6/16
noi di "tmpdir       : `c(tmpdir)'"
tmpdir       : /var/folders/fz/mhtt80kx4ybfmpt4rm83ns3m0000gn/T/__pllrjku5o3ah3
> _tmpdir0006
noi di "date-time    : `c(current_time)' `c(current_date)'"
date-time    : 15:10:20  5 Feb 2026
noi di "seed         : `c(seed)'"
seed         : XAA000000000000ce6c350f76bc9b67dcfd4d78b5c793245b7bf36bc1d75cc79
> a75fea3caa84364b0c202813d03f8b7d0f2772b69a45dd1c890837a749158c53084d29d0d5173
> ba019637539ea6c634323a7ab697212fd99a3c8d26bbbc3e455fc49d1ec798e2f30fda45f5d79
> ad24df10599676d2a199859c26a82fa2a510e06cf72f3d90b52bd64460f067384f15cd98c6d70
> fb57abbab1ae1c1a14c72cd20cd6cefe21ee15d86bb2ec40acbc6e7cbd321c4a2450f74d90b3a
> 4c78f7c4f9a3c8eaa5d17b24fa218b4bc2ce885d3aea21794ced1fd6a53e8cba0cfec927a38a2
> 70a54e699bf8e51c26215514ec7a2fce71a82b4b28e59658fb53dfbac6a67e2ae43a8d8befceb
> e2561e5ff5e89396cb12e18eb6b617f31780be2c08b9a08a68f12be56c9c5772595218e7b821e
> c7f6944c18eb24ddf350c3dcba864c8c256891d3cbbfa2155e5d50e5c0d428543f67529741db0
> 9ee6744f02ecec29ad419a0896e6fc40f647dd63b55a8bae428ddfb19f1657c4bdfd5721ce5e9
> dee14ea2183043f9549ee393703b7013b405555627806861c5d7225a2d2a7a5e9d744b7f9a7cd
> 28c1614a35ce39e4b8ac0b61a0c060a0a82191c7152b1bb9e7272c782371c5ea331be354fef39
> 00b2a76df66693f76d83ade0faa1c9e63ee7a4dd81894df5a97cd0db1442a19a4d6245e289b6c
> 9f7b94a1c5f09b3821ec76dd99a936292c92168d74ccff0cc35f50f734765e5da09075d1d5281
> 2e66c8ef6e33712283c31fa899c94bdd558e418a29dea9ec2867821fa77d314e68da05ec1a2ff
> 0b0e0b2e2e60609f831a5ab7d6956873f7194335b2e67af34de203fd4430bb842925c35ce3fe0
> ea9aa7a30d7c5906b68a89085aee212e9f969ec27ceca90aacc2b27e1f1caeb7973ecafb1e0f8
> 12161b36a91872910781d7002b1a3d0ec97bd0d7adff8fb7fde7c4973e643af9e00b94edd5a47
> d645822df4565a60a4b7d618f772e53bb57af5aa41ad1cd37f2869c4b8aace8cae3028b350895
> 6f18acce997ab120a59d59aaa2ad35127a60d87e4d2d1cca4ae7eff71ddeb7e4e32667568034f
> 5f0ccb89b92e873dcd7189d95f7634ae8b97101453c55e605cdc26ca75034b66b1ddf3cc8fbd8
> c4a74bdceaf8870e3cfbb9cabe58a6fba432a7eb7e0e962f293a68f3b2fa64727e1f796006ff6
> 5c1c956c0f5271f295aaa7111f72188f9baca160f33d9b2550be1d581cdc833dd61e360b79cb2
> 20ab156905b485d4eb08b243d2d7a28bb7eb14038f08875d4148d85e6919671f5110d7c3b9a50
> fd457115a0ac4562b8f1ccf7717124c07dc79285aafdfa1794983da922322ad64de1ac858b1b4
> 3408aaa4ed8ddf4bffd79f002ca9970c9e6cb8f34ce0fcab2701e197c56f58ae580d537859980
> 611a7880abe28e2bf99cec4f1647194655c93dc1bce6e33a25d82f3e48b439b57a480ad55cf58
> 5e8f4a67a9ab8223ccdd3deb82e064695906f8c2ed16cd2e182877ef8eedeaf6bcc29dd66ba46
> ecfaef6756dec6f42f4b77c203ad0149082f09312f11dfab429ea8647854f51d184fad3643378
> 5fc79135020c81b5055b788e920c51d23db3aa11bd4c56447e9ad079f3fc2e859fce3c9c1a681
> fc1f9cc03ee6f6cb07516d0e4996bd2167b354399368f704cadbc20e0fdb0bcf423c3b6b092ef
> 555a4555dc7569e4a1d1d146db4b356f877dabaf192b3f58b8ba1edd717e1cbbcc47682325152
> 68408a1639547ad6aec342c74fed4165e8d13d4c651998b6c9fc79a2159aa36d613ad8114a484
> cf3ad44705a8dbb952805fc1b13426b0f01671c5846d0d822cd70b2ec0abffd527d112f75dc3d
> 9f046e2845ac7cf42c59f9635ebc64365b586934cd4046337222edb46ffb525a54b74f16135e8
> c73a46c30fd982f501d82d518fe4545e2246edb6824c2244bdf9da779944cbe04ea3877f053f8
> ab12d7482436410eec8509a8a758fc9182aa3077925370a1130dbf2a68bf5aec876e0300ac165
> 51a8059d9e0a9bc97629f41a7b399eb2c549feb5489a5a8ef852b217028773cde44788be5f037
> c88b2907b9540e84653e33fa239e2f5fd25905c5ab6c1706a287e30fc7ad36086047e0913139b
> 217f4d8f11f1c2bc9c1ccb2e631070b17c31f927f8f97e8d9afd6a121b96232e215022de9ba53
> 5328b1bf81b4dcedf680005308819df30fcd3dfe36d5771315aae8687f98b9dabcde730b5d57e
> 7877afe2f86545ffb9d75d55480c42f11100680da73184822937433f677cbda08e5fbaa5cb3e5
> 49c0e2f35d9bb9beba960912f7a67c7a3acbb88076c6f13c5a178a8b4208fc05664ad647bc991
> 9451af0deb3a75133c0cdfc8cafcb1499c1a132535b8d05e2c094d67245a9a85e9e7588b90379
> bc2beeea222ab09b6b0889356a49b6d346c39af0c68e6d922fc23c3620679322a596e2ee13e3f
> 58a863578a5aed8075c6256ab47d2e230a973242fe65e63eb071888e4e8ff7a7c92c8c334dd0b
> 1c8f248a9c5e6155df46fbc249ccf2b153d38adf8682c22a3ea8b54640d95ac6ad1222187a473
> d16cc448f5526c0fcf07a4c2351bde6c8347de358a149b8b83263c6aa10e6888fc12bcefa14f9
> 6b6b52492c753605bcd3bee096ba7b9bf25f9d615e25a1cdf884b8f88cc8a41f8218dbf41cfab
> dd6b64180d8e8a38b2f326290f463fbcad5a32455c4c6db535e0a9de3d097744c1a33585ca754
> 54478195b4ec348c5e919db0f782188c687ae41d4b9bb25333b560845bfe7057f182d33b288a8
> 474feaeb1e1f22c88227385124ca34dbfdc36d3f3e98a35581ca25081b8f0ffeb0222a5d226ae
> 7f52d2695689ebd9ff06482f2e0f40e67f27751f0d175d3994dd23c137daa5ca9925aa23777cc
> d03424a74d984246c0493bef17e94da6a59bbbae68fd07fd80059fba10c292782b589bef98018
> 566cc089e38079f3c7713ca6e1bf9d14d2a9f341705ec0571cdb1767d7af7d334c2a2be0f6467
> 136ea54d90390fa56be2a52b96b2d7c9dc3982acdfb9a6fd149efaefcd9647792910e49131874
> b6b4742829119be06b35c342dc4f527ec1bb11a872fcc492e82cf11e3ae8d731a68fc4835f0d7
> c66de018918cdb77f3500d581777213d7d1d9444e777e520976c69c55d24740caf80fddc42c25
> 5f2fb3587ecfffb0461ecf3ae511ea5372c7114a2e3ee0f644faf96047ada685abefdf88c7621
> b7b63eeb67943a680329a5eb7159344c9f9226c5a8effcf724167503253a586fb7beae5b39990
> c111dfe30421ec88e0f0334603788d1718d87b29a1f8d81a871ac0a40f3ecc6725e2570f8945f
> 1e148b169eb04edd6191815bb6f364a08ff28aa17008796b3cd7eafabb051aa3cd316ebf34ffb
> b7eb159f1ecd6757df449d5c4308ea1382d1acf86bfc3f5e3f04ebc0fb36ddfa9dc283f4c598b
> d7f539a48c2cf5c42e37374bef238cfebcd4726e7dc3532fb09a0106e80afb463e2918f1e70f5
> 2a56a7425627659ea22a9b45bd4c3ffa29265321f57b47cd8d96f2daf59b533fa64f262bc919e
> 5f00001000001383008
noi di "{hline 80}"
-------------------------------------------------------------------------------
> -
local pll_instance 6
local pll_id rjku5o3ah3
global pll_instance 6
global pll_id rjku5o3ah3
mata: for(i=1;i<=1;i++) PLL_QUIET = st_tempname()
}

. local result = _rc

. if (c(rc)) {
. cd "/Users/xabajian/Documents/GitHub/ACF_NK_Measurement/scripts/"
. mata: parallel_write_diagnosis(strofreal(c("rc")),"/Users/xabajian/Documents/
> GitHub/ACF_NK_Measurement/scripts/__pllrjku5o3ah3_finito0006","while setting 
> memory")
. clear
. exit
. }

. 
. * Loading Programs *

. capture {
run "/Users/xabajian/Documents/GitHub/ACF_NK_Measurement/scripts/__pllrjku5o3
> ah3_prog.do"
}

. local result = _rc

. if (c(rc)) {
. cd "/Users/xabajian/Documents/GitHub/ACF_NK_Measurement/scripts/"
. mata: parallel_write_diagnosis(strofreal(c("rc")),"/Users/xabajian/Documents/
> GitHub/ACF_NK_Measurement/scripts/__pllrjku5o3ah3_finito0006","while loading 
> programs")
. clear
. exit
. }

. 
. * Checking for break *

. mata: parallel_break()

. 
. * Loading Globals *

. capture {
cap run "/Users/xabajian/Documents/GitHub/ACF_NK_Measurement/scripts/__pllrjk
> u5o3ah3_glob.do"
}

. if (c(rc)) {
.   cd "/Users/xabajian/Documents/GitHub/ACF_NK_Measurement/scripts/"
.   mata: parallel_write_diagnosis(strofreal(c("rc")),"/Users/xabajian/Document
> s/GitHub/ACF_NK_Measurement/scripts/__pllrjku5o3ah3_finito0006","while loadin
> g globals")
.   clear
.   exit
. }

. 
. * Checking for break *

. mata: parallel_break()

. capture {
  noisily {
. 
. * Checking for break *
. mata: parallel_break()
.     use __pllrjku5o3ah3_sim_dta.dta, clear
.     if (`pll_instance'==$PLL_CHILDREN) local reps = 62500
.     else local reps = 62500
.     local pll_instance : di %04.0f `pll_instance'
.     simulate alpha_1NK_out = alpha_1NK alpha_noNK_out  = alpha_noNK TFP_bias_
> n1 = no_N1_bias_scalar TFP_bias_nK = no_NK_bias_scalar   corr_N1_N2_out = cor
> r_N1_N2   corr_N1_K_out = corr_N1_K , sav(__pll`pll_id'_sim_eststore`pll_inst
> ance', replace  )  rep(`reps'): simulate_MC_draw , obs(70) mu(0.01) sigma(0.0
> 1) gK(0.01) gL(0.01) gA(0.01) sdK(.0094350790604949) sdL(.0138540137559175) s
> dA(.0107752569019794)

         Command: simulate_MC_draw, obs(70) mu(0.01) sigma(0.01) gK(0.01)
                      gL(0.01) gA(0.01) sdK(.0094350790604949)
                      sdL(.0138540137559175) sdA(.0107752569019794)
   alpha_1NK_out: alpha_1NK
  alpha_noNK_out: alpha_noNK
     TFP_bias_n1: no_N1_bias_scalar
     TFP_bias_nK: no_NK_bias_scalar
  corr_N1_N2_out: corr_N1_N2
   corr_N1_K_out: corr_N1_K
(file __pllrjku5o3ah3_sim_eststore0006.dta not found)

Simulations (62,500): .........10.........20.........30.........40.........50..
> .......60.........70.........80.........90.........100.........110.........12
> 0.........130.........140.........150.........160.........170.........180....
> .....190.........200.........210.........220.........230.........240.........
> 250.........260.........270.........280.........290.........300.........310..
> .......320.........330.........340.........350.........360.........370.......
> ..380.........390.........400.........410.........420.........430.........440
> .........450.........460.........470.........480.........490.........500.....
> ....510.........520.........530.........540.........550.........560.........5
> 70.........580.........590.........600.........610.........620.........630...
> ......640.........650.........660.........670.........680.........690........
> .700.........710.........720.........730.........740.........750.........760.
> ........770.........780.........790.........800.........810.........820......
> ...830.........840.........850.........860.........870.........880.........89
> 0.........900.........910.........920.........930.........940.........950....
> .....960.........970.........980.........990.........1,000.........1,010.....
> ....1,020.........1,030.........1,040.........1,050.........1,060.........1,0
> 70.........1,080.........1,090.........1,100.........1,110.........1,120.....
> ....1,130.........1,140.........1,150.........1,160.........1,170.........1,1
> 80.........1,190.........1,200.........1,210.........1,220.........1,230.....
> ....1,240.........1,250.........1,260.........1,270.........1,280.........1,2
> 90.........1,300.........1,310.........1,320.........1,330.........1,340.....
> ....1,350.........1,360.........1,370.........1,380.........1,390.........1,4
> 00.........1,410.........1,420.........1,430.........1,440.........1,450.....
> ....1,460.........1,470.........1,480.........1,490.........1,500.........1,5
> 10.........1,520.........1,530.........1,540.........1,550.........1,560.....
> ....1,570.........1,580.........1,590.........1,600.........1,610.........1,6
> 20.........1,630.........1,640.........1,650.........1,660.........1,670.....
> ....1,680.........1,690.........1,700.........1,710.........1,720.........1,7
> 30.........1,740.........1,750.........1,760.........1,770.........1,780.....
> ....1,790.........1,800.........1,810.........1,820.........1,830.........1,8
> 40.........1,850.........1,860.........1,870.........1,880.........1,890.....
> ....1,900.........1,910.........1,920.........1,930.........1,940.........1,9
> 50.........1,960.........1,970.........1,980.........1,990.........2,000.....
> ....2,010.........2,020.........2,030.........2,040.........2,050.........2,0
> 60.........2,070.........2,080.........2,090.........2,100.........2,110.....
> ....2,120.........2,130.........2,140.........2,150.........2,160.........2,1
> 70.........2,180.........2,190.........2,200.........2,210.........2,220.....
> ....2,230.........2,240.........2,250.........2,260.........2,270.........2,2
> 80.........2,290.........2,300.........2,310.........2,320.........2,330.....
> ....2,340.........2,350.........2,360.........2,370.........2,380.........2,3
> 90.........2,400.........2,410.........2,420.........2,430.........2,440.....
> ....2,450.........2,460.........2,470.........2,480.........2,490.........2,5
> 00.........2,510.........2,520.........2,530.........2,540.........2,550.....
> ....2,560.........2,570.........2,580.........2,590.........2,600.........2,6
> 10.........2,620.........2,630.........2,640.........2,650.........2,660.....
> ....2,670.........2,680.........2,690.........2,700.........2,710.........2,7
> 20.........2,730.........2,740.........2,750.........2,760.........2,770.....
> ....2,780.........2,790.........2,800.........2,810.........2,820.........2,8
> 30.........2,840.........2,850.........2,860.........2,870.........2,880.....
> ....2,890.........2,900.........2,910.........2,920.........2,930.........2,9
> 40.........2,950.........2,960.........2,970.........2,980.........2,990.....
> ....3,000.........3,010.........3,020.........3,030.........3,040.........3,0
> 50.........3,060.........3,070.........3,080.........3,090.........3,100.....
> ....3,110.........3,120.........3,130.........3,140.........3,150.........3,1
> 60.........3,170.........3,180.........3,190.........3,200.........3,210.....
> ....3,220.........3,230.........3,240.........3,250.........3,260.........3,2
> 70.........3,280.........3,290.........3,300.........3,310.........3,320.....
> ....3,330.........3,340.........3,350.........3,360.........3,370.........3,3
> 80.........3,390.........3,400.........3,410.........3,420.........3,430.....
> ....3,440.........3,450.........3,460.........3,470.........3,480.........3,4
> 90.........3,500.........3,510.........3,520.........3,530.........3,540.....
> ....3,550.........3,560.........3,570.........3,580.........3,590.........3,6
> 00.........3,610.........3,620.........3,630.........3,640.........3,650.....
> ....3,660.........3,670.........3,680.........3,690.........3,700.........3,7
> 10.........3,720.........3,730.........3,740.........3,750.........3,760.....
> ....3,770.........3,780.........3,790.........3,800.........3,810.........3,8
> 20.........3,830.........3,840.........3,850.........3,860.........3,870.....
> ....3,880.........3,890.........3,900.........3,910.........3,920.........3,9
> 30.........3,940.........3,950.........3,960.........3,970.........3,980.....
> ....3,990.........4,000.........4,010.........4,020.........4,030.........4,0
> 40.........4,050.........4,060.........4,070.........4,080.........4,090.....
> ....4,100.........4,110.........4,120.........4,130.........4,140.........4,1
> 50.........4,160.........4,170.........4,180.........4,190.........4,200.....
> ....4,210.........4,220.........4,230.........4,240.........4,250.........4,2
> 60.........4,270.........4,280.........4,290.........4,300.........4,310.....
> ....4,320.........4,330.........4,340.........4,350.........4,360.........4,3
> 70.........4,380.........4,390.........4,400.........4,410.........4,420.....
> ....4,430.........4,440.........4,450.........4,460.........4,470.........4,4
> 80.........4,490.........4,500.........4,510.........4,520.........4,530.....
> ....4,540.........4,550.........4,560.........4,570.........4,580.........4,5
> 90.........4,600.........4,610.........4,620.........4,630.........4,640.....
> ....4,650.........4,660.........4,670.........4,680.........4,690.........4,7
> 00.........4,710.........4,720.........4,730.........4,740.........4,750.....
> ....4,760.........4,770.........4,780.........4,790.........4,800.........4,8
> 10.........4,820.........4,830.........4,840.........4,850.........4,860.....
> ....4,870.........4,880.........4,890.........4,900.........4,910.........4,9
> 20.........4,930.........4,940.........4,950.........4,960.........4,970.....
> ....4,980.........4,990.........5,000.........5,010.........5,020.........5,0
> 30.........5,040.........5,050.........5,060.........5,070.........5,080.....
> ....5,090.........5,100.........5,110.........5,120.........5,130.........5,1
> 40.........5,150.........5,160.........5,170.........5,180.........5,190.....
> ....5,200.........5,210.........5,220.........5,230.........5,240.........5,2
> 50.........5,260.........5,270.........5,280.........5,290.........5,300.....
> ....5,310.........5,320.........5,330.........5,340.........5,350.........5,3
> 60.........5,370.........5,380.........5,390.........5,400.........5,410.....
> ....5,420.........5,430.........5,440.........5,450.........5,460.........5,4
> 70.........5,480.........5,490.........5,500.........5,510.........5,520.....
> ....5,530.........5,540.........5,550.........5,560.........5,570.........5,5
> 80.........5,590.........5,600.........5,610.........5,620.........5,630.....
> ....5,640.........5,650.........5,660.........5,670.........5,680.........5,6
> 90.........5,700.........5,710.........5,720.........5,730.........5,740.....
> ....5,750.........5,760.........5,770.........5,780.........5,790.........5,8
> 00.........5,810.........5,820.........5,830.........5,840.........5,850.....
> ....5,860.........5,870.........5,880.........5,890.........5,900.........5,9
> 10.........5,920.........5,930.........5,940.........5,950.........5,960.....
> ....5,970.........5,980.........5,990.........6,000.........6,010.........6,0
> 20.........6,030.........6,040.........6,050.........6,060.........6,070.....
> ....6,080.........6,090.........6,100.........6,110.........6,120.........6,1
> 30.........6,140.........6,150.........6,160.........6,170.........6,180.....
> ....6,190.........6,200.........6,210.........6,220.........6,230.........6,2
> 40.........6,250.........6,260.........6,270.........6,280.........6,290.....
> ....6,300.........6,310.........6,320.........6,330.........6,340.........6,3
> 50.........6,360.........6,370.........6,380.........6,390.........6,400.....
> ....6,410.........6,420.........6,430.........6,440.........6,450.........6,4
> 60.........6,470.........6,480.........6,490.........6,500.........6,510.....
> ....6,520.........6,530.........6,540.........6,550.........6,560.........6,5
> 70.........6,580.........6,590.........6,600.........6,610.........6,620.....
> ....6,630.........6,640.........6,650.........6,660.........6,670.........6,6
> 80.........6,690.........6,700.........6,710.........6,720.........6,730.....
> ....6,740.........6,750.........6,760.........6,770.........6,780.........6,7
> 90.........6,800.........6,810.........6,820.........6,830.........6,840.....
> ....6,850.........6,860.........6,870.........6,880.........6,890.........6,9
> 00.........6,910.........6,920.........6,930.........6,940.........6,950.....
> ....6,960.........6,970.........6,980.........6,990.........7,000.........7,0
> 10.........7,020.........7,030.........7,040.........7,050.........7,060.....
> ....7,070.........7,080.........7,090.........7,100.........7,110.........7,1
> 20.........7,130.........7,140.........7,150.........7,160.........7,170.....
> ....7,180.........7,190.........7,200.........7,210.........7,220.........7,2
> 30.........7,240.........7,250.........7,260.........7,270.........7,280.....
> ....7,290.........7,300.........7,310.........7,320.........7,330.........7,3
> 40.........7,350.........7,360.........7,370.........7,380.........7,390.....
> ....7,400.........7,410.........7,420.........7,430.........7,440.........7,4
> 50.........7,460.........7,470.........7,480.........7,490.........7,500.....
> ....7,510.........7,520.........7,530.........7,540.........7,550.........7,5
> 60.........7,570.........7,580.........7,590.........7,600.........7,610.....
> ....7,620.........7,630.........7,640.........7,650.........7,660.........7,6
> 70.........7,680.........7,690.........7,700.........7,710.........7,720.....
> ....7,730.........7,740.........7,750.........7,760.........7,770.........7,7
> 80.........7,790.........7,800.........7,810.........7,820.........7,830.....
> ....7,840.........7,850.........7,860.........7,870.........7,880.........7,8
> 90.........7,900.........7,910.........7,920.........7,930.........7,940.....
> ....7,950.........7,960.........7,970.........7,980.........7,990.........8,0
> 00.........8,010.........8,020.........8,030.........8,040.........8,050.....
> ....8,060.........8,070.........8,080.........8,090.........8,100.........8,1
> 10.........8,120.........8,130.........8,140.........8,150.........8,160.....
> ....8,170.........8,180.........8,190.........8,200.........8,210.........8,2
> 20.........8,230.........8,240.........8,250.........8,260.........8,270.....
> ....8,280.........8,290.........8,300.........8,310.........8,320.........8,3
> 30.........8,340.........8,350.........8,360.........8,370.........8,380.....
> ....8,390.........8,400.........8,410.........8,420.........8,430.........8,4
> 40.........8,450.........8,460.........8,470.........8,480.........8,490.....
> ....8,500.........8,510.........8,520.........8,530.........8,540.........8,5
> 50.........8,560.........8,570.........8,580.........8,590.........8,600.....
> ....8,610.........8,620.........8,630.........8,640.........8,650.........8,6
> 60.........8,670.........8,680.........8,690.........8,700.........8,710.....
> ....8,720.........8,730.........8,740.........8,750.........8,760.........8,7
> 70.........8,780.........8,790.........8,800.........8,810.........8,820.....
> ....8,830.........8,840.........8,850.........8,860.........8,870.........8,8
> 80.........8,890.........8,900.........8,910.........8,920.........8,930.....
> ....8,940.........8,950.........8,960.........8,970.........8,980.........8,9
> 90.........9,000.........9,010.........9,020.........9,030.........9,040.....
> ....9,050.........9,060.........9,070.........9,080.........9,090.........9,1
> 00.........9,110.........9,120.........9,130.........9,140.........9,150.....
> ....9,160.........9,170.........9,180.........9,190.........9,200.........9,2
> 10.........9,220.........9,230.........9,240.........9,250.........9,260.....
> ....9,270.........9,280.........9,290.........9,300.........9,310.........9,3
> 20.........9,330.........9,340.........9,350.........9,360.........9,370.....
> ....9,380.........9,390.........9,400.........9,410.........9,420.........9,4
> 30.........9,440.........9,450.........9,460.........9,470.........9,480.....
> ....9,490.........9,500.........9,510.........9,520.........9,530.........9,5
> 40.........9,550.........9,560.........9,570.........9,580.........9,590.....
> ....9,600.........9,610.........9,620.........9,630.........9,640.........9,6
> 50.........9,660.........9,670.........9,680.........9,690.........9,700.....
> ....9,710.........9,720.........9,730.........9,740.........9,750.........9,7
> 60.........9,770.........9,780.........9,790.........9,800.........9,810.....
> ....9,820.........9,830.........9,840.........9,850.........9,860.........9,8
> 70.........9,880.........9,890.........9,900.........9,910.........9,920.....
> ....9,930.........9,940.........9,950.........9,960.........9,970.........9,9
> 80.........9,990.........10,000.........10,010.........10,020.........10,030.
> ........10,040.........10,050.........10,060.........10,070.........10,080...
> ......10,090.........10,100.........10,110.........10,120.........10,130.....
> ....10,140.........10,150.........10,160.........10,170.........10,180.......
> ..10,190.........10,200.........10,210.........10,220.........10,230.........
> 10,240.........10,250.........10,260.........10,270.........10,280.........10
> ,290.........10,300.........10,310.........10,320.........10,330.........10,3
> 40.........10,350.........10,360.........10,370.........10,380.........10,390
> .........10,400.........10,410.........10,420.........10,430.........10,440..
> .......10,450.........10,460.........10,470.........10,480.........10,490....
> .....10,500.........10,510.........10,520.........10,530.........10,540......
> ...10,550.........10,560.........10,570.........10,580.........10,590........
> .10,600.........10,610.........10,620.........10,630.........10,640.........1
> 0,650.........10,660.........10,670.........10,680.........10,690.........10,
> 700.........10,710.........10,720.........10,730.........10,740.........10,75
> 0.........10,760.........10,770.........10,780.........10,790.........10,800.
> ........10,810.........10,820.........10,830.........10,840.........10,850...
> ......10,860.........10,870.........10,880.........10,890.........10,900.....
> ....10,910.........10,920.........10,930.........10,940.........10,950.......
> ..10,960.........10,970.........10,980.........10,990.........11,000.........
> 11,010.........11,020.........11,030.........11,040.........11,050.........11
> ,060.........11,070.........11,080.........11,090.........11,100.........11,1
> 10.........11,120.........11,130.........11,140.........11,150.........11,160
> .........11,170.........11,180.........11,190.........11,200.........11,210..
> .......11,220.........11,230.........11,240.........11,250.........11,260....
> .....11,270.........11,280.........11,290.........11,300.........11,310......
> ...11,320.........11,330.........11,340.........11,350.........11,360........
> .11,370.........11,380.........11,390.........11,400.........11,410.........1
> 1,420.........11,430.........11,440.........11,450.........11,460.........11,
> 470.........11,480.........11,490.........11,500.........11,510.........11,52
> 0.........11,530.........11,540.........11,550.........11,560.........11,570.
> ........11,580.........11,590.........11,600.........11,610.........11,620...
> ......11,630.........11,640.........11,650.........11,660.........11,670.....
> ....11,680.........11,690.........11,700.........11,710.........11,720.......
> ..11,730.........11,740.........11,750.........11,760.........11,770.........
> 11,780.........11,790.........11,800.........11,810.........11,820.........11
> ,830.........11,840.........11,850.........11,860.........11,870.........11,8
> 80.........11,890.........11,900.........11,910.........11,920.........11,930
> .........11,940.........11,950.........11,960.........11,970.........11,980..
> .......11,990.........12,000.........12,010.........12,020.........12,030....
> .....12,040.........12,050.........12,060.........12,070.........12,080......
> ...12,090.........12,100.........12,110.........12,120.........12,130........
> .12,140.........12,150.........12,160.........12,170.........12,180.........1
> 2,190.........12,200.........12,210.........12,220.........12,230.........12,
> 240.........12,250.........12,260.........12,270.........12,280.........12,29
> 0.........12,300.........12,310.........12,320.........12,330.........12,340.
> ........12,350.........12,360.........12,370.........12,380.........12,390...
> ......12,400.........12,410.........12,420.........12,430.........12,440.....
> ....12,450.........12,460.........12,470.........12,480.........12,490.......
> ..12,500.........12,510.........12,520.........12,530.........12,540.........
> 12,550.........12,560.........12,570.........12,580.........12,590.........12
> ,600.........12,610.........12,620.........12,630.........12,640.........12,6
> 50.........12,660.........12,670.........12,680.........12,690.........12,700
> .........12,710.........12,720.........12,730.........12,740.........12,750..
> .......12,760.........12,770.........12,780.........12,790.........12,800....
> .....12,810.........12,820.........12,830.........12,840.........12,850......
> ...12,860.........12,870.........12,880.........12,890.........12,900........
> .12,910.........12,920.........12,930.........12,940.........12,950.........1
> 2,960.........12,970.........12,980.........12,990.........13,000.........13,
> 010.........13,020.........13,030.........13,040.........13,050.........13,06
> 0.........13,070.........13,080.........13,090.........13,100.........13,110.
> ........13,120.........13,130.........13,140.........13,150.........13,160...
> ......13,170.........13,180.........13,190.........13,200.........13,210.....
> ....13,220.........13,230.........13,240.........13,250.........13,260.......
> ..13,270.........13,280.........13,290.........13,300.........13,310.........
> 13,320.........13,330.........13,340.........13,350.........13,360.........13
> ,370.........13,380.........13,390.........13,400.........13,410.........13,4
> 20.........13,430.........13,440.........13,450.........13,460.........13,470
> .........13,480.........13,490.........13,500.........13,510.........13,520..
> .......13,530.........13,540.........13,550.........13,560.........13,570....
> .....13,580.........13,590.........13,600.........13,610.........13,620......
> ...13,630.........13,640.........13,650.........13,660.........13,670........
> .13,680.........13,690.........13,700.........13,710.........13,720.........1
> 3,730.........13,740.........13,750.........13,760.........13,770.........13,
> 780.........13,790.........13,800.........13,810.........13,820.........13,83
> 0.........13,840.........13,850.........13,860.........13,870.........13,880.
> ........13,890.........13,900.........13,910.........13,920.........13,930...
> ......13,940.........13,950.........13,960.........13,970.........13,980.....
> ....13,990.........14,000.........14,010.........14,020.........14,030.......
> ..14,040.........14,050.........14,060.........14,070.........14,080.........
> 14,090.........14,100.........14,110.........14,120.........14,130.........14
> ,140.........14,150.........14,160.........14,170.........14,180.........14,1
> 90.........14,200.........14,210.........14,220.........14,230.........14,240
> .........14,250.........14,260.........14,270.........14,280.........14,290..
> .......14,300.........14,310.........14,320.........14,330.........14,340....
> .....14,350.........14,360.........14,370.........14,380.........14,390......
> ...14,400.........14,410.........14,420.........14,430.........14,440........
> .14,450.........14,460.........14,470.........14,480.........14,490.........1
> 4,500.........14,510.........14,520.........14,530.........14,540.........14,
> 550.........14,560.........14,570.........14,580.........14,590.........14,60
> 0.........14,610.........14,620.........14,630.........14,640.........14,650.
> ........14,660.........14,670.........14,680.........14,690.........14,700...
> ......14,710.........14,720.........14,730.........14,740.........14,750.....
> ....14,760.........14,770.........14,780.........14,790.........14,800.......
> ..14,810.........14,820.........14,830.........14,840.........14,850.........
> 14,860.........14,870.........14,880.........14,890.........14,900.........14
> ,910.........14,920.........14,930.........14,940.........14,950.........14,9
> 60.........14,970.........14,980.........14,990.........15,000.........15,010
> .........15,020.........15,030.........15,040.........15,050.........15,060..
> .......15,070.........15,080.........15,090.........15,100.........15,110....
> .....15,120.........15,130.........15,140.........15,150.........15,160......
> ...15,170.........15,180.........15,190.........15,200.........15,210........
> .15,220.........15,230.........15,240.........15,250.........15,260.........1
> 5,270.........15,280.........15,290.........15,300.........15,310.........15,
> 320.........15,330.........15,340.........15,350.........15,360.........15,37
> 0.........15,380.........15,390.........15,400.........15,410.........15,420.
> ........15,430.........15,440.........15,450.........15,460.........15,470...
> ......15,480.........15,490.........15,500.........15,510.........15,520.....
> ....15,530.........15,540.........15,550.........15,560.........15,570.......
> ..15,580.........15,590.........15,600.........15,610.........15,620.........
> 15,630.........15,640.........15,650.........15,660.........15,670.........15
> ,680.........15,690.........15,700.........15,710.........15,720.........15,7
> 30.........15,740.........15,750.........15,760.........15,770.........15,780
> .........15,790.........15,800.........15,810.........15,820.........15,830..
> .......15,840.........15,850.........15,860.........15,870.........15,880....
> .....15,890.........15,900.........15,910.........15,920.........15,930......
> ...15,940.........15,950.........15,960.........15,970.........15,980........
> .15,990.........16,000.........16,010.........16,020.........16,030.........1
> 6,040.........16,050.........16,060.........16,070.........16,080.........16,
> 090.........16,100.........16,110.........16,120.........16,130.........16,14
> 0.........16,150.........16,160.........16,170.........16,180.........16,190.
> ........16,200.........16,210.........16,220.........16,230.........16,240...
> ......16,250.........16,260.........16,270.........16,280.........16,290.....
> ....16,300.........16,310.........16,320.........16,330.........16,340.......
> ..16,350.........16,360.........16,370.........16,380.........16,390.........
> 16,400.........16,410.........16,420.........16,430.........16,440.........16
> ,450.........16,460.........16,470.........16,480.........16,490.........16,5
> 00.........16,510.........16,520.........16,530.........16,540.........16,550
> .........16,560.........16,570.........16,580.........16,590.........16,600..
> .......16,610.........16,620.........16,630.........16,640.........16,650....
> .....16,660.........16,670.........16,680.........16,690.........16,700......
> ...16,710.........16,720.........16,730.........16,740.........16,750........
> .16,760.........16,770.........16,780.........16,790.........16,800.........1
> 6,810.........16,820.........16,830.........16,840.........16,850.........16,
> 860.........16,870.........16,880.........16,890.........16,900.........16,91
> 0.........16,920.........16,930.........16,940.........16,950.........16,960.
> ........16,970.........16,980.........16,990.........17,000.........17,010...
> ......17,020.........17,030.........17,040.........17,050.........17,060.....
> ....17,070.........17,080.........17,090.........17,100.........17,110.......
> ..17,120.........17,130.........17,140.........17,150.........17,160.........
> 17,170.........17,180.........17,190.........17,200.........17,210.........17
> ,220.........17,230.........17,240.........17,250.........17,260.........17,2
> 70.........17,280.........17,290.........17,300.........17,310.........17,320
> .........17,330.........17,340.........17,350.........17,360.........17,370..
> .......17,380.........17,390.........17,400.........17,410.........17,420....
> .....17,430.........17,440.........17,450.........17,460.........17,470......
> ...17,480.........17,490.........17,500.........17,510.........17,520........
> .17,530.........17,540.........17,550.........17,560.........17,570.........1
> 7,580.........17,590.........17,600.........17,610.........17,620.........17,
> 630.........17,640.........17,650.........17,660.........17,670.........17,68
> 0.........17,690.........17,700.........17,710.........17,720.........17,730.
> ........17,740.........17,750.........17,760.........17,770.........17,780...
> ......17,790.........17,800.........17,810.........17,820.........17,830.....
> ....17,840.........17,850.........17,860.........17,870.........17,880.......
> ..17,890.........17,900.........17,910.........17,920.........17,930.........
> 17,940.........17,950.........17,960.........17,970.........17,980.........17
> ,990.........18,000.........18,010.........18,020.........18,030.........18,0
> 40.........18,050.........18,060.........18,070.........18,080.........18,090
> .........18,100.........18,110.........18,120.........18,130.........18,140..
> .......18,150.........18,160.........18,170.........18,180.........18,190....
> .....18,200.........18,210.........18,220.........18,230.........18,240......
> ...18,250.........18,260.........18,270.........18,280.........18,290........
> .18,300.........18,310.........18,320.........18,330.........18,340.........1
> 8,350.........18,360.........18,370.........18,380.........18,390.........18,
> 400.........18,410.........18,420.........18,430.........18,440.........18,45
> 0.........18,460.........18,470.........18,480.........18,490.........18,500.
> ........18,510.........18,520.........18,530.........18,540.........18,550...
> ......18,560.........18,570.........18,580.........18,590.........18,600.....
> ....18,610.........18,620.........18,630.........18,640.........18,650.......
> ..18,660.........18,670.........18,680.........18,690.........18,700.........
> 18,710.........18,720.........18,730.........18,740.........18,750.........18
> ,760.........18,770.........18,780.........18,790.........18,800.........18,8
> 10.........18,820.........18,830.........18,840.........18,850.........18,860
> .........18,870.........18,880.........18,890.........18,900.........18,910..
> .......18,920.........18,930.........18,940.........18,950.........18,960....
> .....18,970.........18,980.........18,990.........19,000.........19,010......
> ...19,020.........19,030.........19,040.........19,050.........19,060........
> .19,070.........19,080.........19,090.........19,100.........19,110.........1
> 9,120.........19,130.........19,140.........19,150.........19,160.........19,
> 170.........19,180.........19,190.........19,200.........19,210.........19,22
> 0.........19,230.........19,240.........19,250.........19,260.........19,270.
> ........19,280.........19,290.........19,300.........19,310.........19,320...
> ......19,330.........19,340.........19,350.........19,360.........19,370.....
> ....19,380.........19,390.........19,400.........19,410.........19,420.......
> ..19,430.........19,440.........19,450.........19,460.........19,470.........
> 19,480.........19,490.........19,500.........19,510.........19,520.........19
> ,530.........19,540.........19,550.........19,560.........19,570.........19,5
> 80.........19,590.........19,600.........19,610.........19,620.........19,630
> .........19,640.........19,650.........19,660.........19,670.........19,680..
> .......19,690.........19,700.........19,710.........19,720.........19,730....
> .....19,740.........19,750.........19,760.........19,770.........19,780......
> ...19,790.........19,800.........19,810.........19,820.........19,830........
> .19,840.........19,850.........19,860.........19,870.........19,880.........1
> 9,890.........19,900.........19,910.........19,920.........19,930.........19,
> 940.........19,950.........19,960.........19,970.........19,980.........19,99
> 0.........20,000.........20,010.........20,020.........20,030.........20,040.
> ........20,050.........20,060.........20,070.........20,080.........20,090...
> ......20,100.........20,110.........20,120.........20,130.........20,140.....
> ....20,150.........20,160.........20,170.........20,180.........20,190.......
> ..20,200.........20,210.........20,220.........20,230.........20,240.........
> 20,250.........20,260.........20,270.........20,280.........20,290.........20
> ,300.........20,310.........20,320.........20,330.........20,340.........20,3
> 50.........20,360.........20,370.........20,380.........20,390.........20,400
> .........20,410.........20,420.........20,430.........20,440.........20,450..
> .......20,460.........20,470.........20,480.........20,490.........20,500....
> .....20,510.........20,520.........20,530.........20,540.........20,550......
> ...20,560.........20,570.........20,580.........20,590.........20,600........
> .20,610.........20,620.........20,630.........20,640.........20,650.........2
> 0,660.........20,670.........20,680.........20,690.........20,700.........20,
> 710.........20,720.........20,730.........20,740.........20,750.........20,76
> 0.........20,770.........20,780.........20,790.........20,800.........20,810.
> ........20,820.........20,830.........20,840.........20,850.........20,860...
> ......20,870.........20,880.........20,890.........20,900.........20,910.....
> ....20,920.........20,930.........20,940.........20,950.........20,960.......
> ..20,970.........20,980.........20,990.........21,000.........21,010.........
> 21,020.........21,030.........21,040.........21,050.........21,060.........21
> ,070.........21,080.........21,090.........21,100.........21,110.........21,1
> 20.........21,130.........21,140.........21,150.........21,160.........21,170
> .........21,180.........21,190.........21,200.........21,210.........21,220..
> .......21,230.........21,240.........21,250.........21,260.........21,270....
> .....21,280.........21,290.........21,300.........21,310.........21,320......
> ...21,330.........21,340.........21,350.........21,360.........21,370........
> .21,380.........21,390.........21,400.........21,410.........21,420.........2
> 1,430.........21,440.........21,450.........21,460.........21,470.........21,
> 480.........21,490.........21,500.........21,510.........21,520.........21,53
> 0.........21,540.........21,550.........21,560.........21,570.........21,580.
> ........21,590.........21,600.........21,610.........21,620.........21,630...
> ......21,640.........21,650.........21,660.........21,670.........21,680.....
> ....21,690.........21,700.........21,710.........21,720.........21,730.......
> ..21,740.........21,750.........21,760.........21,770.........21,780.........
> 21,790.........21,800.........21,810.........21,820.........21,830.........21
> ,840.........21,850.........21,860.........21,870.........21,880.........21,8
> 90.........21,900.........21,910.........21,920.........21,930.........21,940
> .........21,950.........21,960.........21,970.........21,980.........21,990..
> .......22,000.........22,010.........22,020.........22,030.........22,040....
> .....22,050.........22,060.........22,070.........22,080.........22,090......
> ...22,100.........22,110.........22,120.........22,130.........22,140........
> .22,150.........22,160.........22,170.........22,180.........22,190.........2
> 2,200.........22,210.........22,220.........22,230.........22,240.........22,
> 250.........22,260.........22,270.........22,280.........22,290.........22,30
> 0.........22,310.........22,320.........22,330.........22,340.........22,350.
> ........22,360.........22,370.........22,380.........22,390.........22,400...
> ......22,410.........22,420.........22,430.........22,440.........22,450.....
> ....22,460.........22,470.........22,480.........22,490.........22,500.......
> ..22,510.........22,520.........22,530.........22,540.........22,550.........
> 22,560.........22,570.........22,580.........22,590.........22,600.........22
> ,610.........22,620.........22,630.........22,640.........22,650.........22,6
> 60.........22,670.........22,680.........22,690.........22,700.........22,710
> .........22,720.........22,730.........22,740.........22,750.........22,760..
> .......22,770.........22,780.........22,790.........22,800.........22,810....
> .....22,820.........22,830.........22,840.........22,850.........22,860......
> ...22,870.........22,880.........22,890.........22,900.........22,910........
> .22,920.........22,930.........22,940.........22,950.........22,960.........2
> 2,970.........22,980.........22,990.........23,000.........23,010.........23,
> 020.........23,030.........23,040.........23,050.........23,060.........23,07
> 0.........23,080.........23,090.........23,100.........23,110.........23,120.
> ........23,130.........23,140.........23,150.........23,160.........23,170...
> ......23,180.........23,190.........23,200.........23,210.........23,220.....
> ....23,230.........23,240.........23,250.........23,260.........23,270.......
> ..23,280.........23,290.........23,300.........23,310.........23,320.........
> 23,330.........23,340.........23,350.........23,360.........23,370.........23
> ,380.........23,390.........23,400.........23,410.........23,420.........23,4
> 30.........23,440.........23,450.........23,460.........23,470.........23,480
> .........23,490.........23,500.........23,510.........23,520.........23,530..
> .......23,540.........23,550.........23,560.........23,570.........23,580....
> .....23,590.........23,600.........23,610.........23,620.........23,630......
> ...23,640.........23,650.........23,660.........23,670.........23,680........
> .23,690.........23,700.........23,710.........23,720.........23,730.........2
> 3,740.........23,750.........23,760.........23,770.........23,780.........23,
> 790.........23,800.........23,810.........23,820.........23,830.........23,84
> 0.........23,850.........23,860.........23,870.........23,880.........23,890.
> ........23,900.........23,910.........23,920.........23,930.........23,940...
> ......23,950.........23,960.........23,970.........23,980.........23,990.....
> ....24,000.........24,010.........24,020.........24,030.........24,040.......
> ..24,050.........24,060.........24,070.........24,080.........24,090.........
> 24,100.........24,110.........24,120.........24,130.........24,140.........24
> ,150.........24,160.........24,170.........24,180.........24,190.........24,2
> 00.........24,210.........24,220.........24,230.........24,240.........24,250
> .........24,260.........24,270.........24,280.........24,290.........24,300..
> .......24,310.........24,320.........24,330.........24,340.........24,350....
> .....24,360.........24,370.........24,380.........24,390.........24,400......
> ...24,410.........24,420.........24,430.........24,440.........24,450........
> .24,460.........24,470.........24,480.........24,490.........24,500.........2
> 4,510.........24,520.........24,530.........24,540.........24,550.........24,
> 560.........24,570.........24,580.........24,590.........24,600.........24,61
> 0.........24,620.........24,630.........24,640.........24,650.........24,660.
> ........24,670.........24,680.........24,690.........24,700.........24,710...
> ......24,720.........24,730.........24,740.........24,750.........24,760.....
> ....24,770.........24,780.........24,790.........24,800.........24,810.......
> ..24,820.........24,830.........24,840.........24,850.........24,860.........
> 24,870.........24,880.........24,890.........24,900.........24,910.........24
> ,920.........24,930.........24,940.........24,950.........24,960.........24,9
> 70.........24,980.........24,990.........25,000.........25,010.........25,020
> .........25,030.........25,040.........25,050.........25,060.........25,070..
> .......25,080.........25,090.........25,100.........25,110.........25,120....
> .....25,130.........25,140.........25,150.........25,160.........25,170......
> ...25,180.........25,190.........25,200.........25,210.........25,220........
> .25,230.........25,240.........25,250.........25,260.........25,270.........2
> 5,280.........25,290.........25,300.........25,310.........25,320.........25,
> 330.........25,340.........25,350.........25,360.........25,370.........25,38
> 0.........25,390.........25,400.........25,410.........25,420.........25,430.
> ........25,440.........25,450.........25,460.........25,470.........25,480...
> ......25,490.........25,500.........25,510.........25,520.........25,530.....
> ....25,540.........25,550.........25,560.........25,570.........25,580.......
> ..25,590.........25,600.........25,610.........25,620.........25,630.........
> 25,640.........25,650.........25,660.........25,670.........25,680.........25
> ,690.........25,700.........25,710.........25,720.........25,730.........25,7
> 40.........25,750.........25,760.........25,770.........25,780.........25,790
> .........25,800.........25,810.........25,820.........25,830.........25,840..
> .......25,850.........25,860.........25,870.........25,880.........25,890....
> .....25,900.........25,910.........25,920.........25,930.........25,940......
> ...25,950.........25,960.........25,970.........25,980.........25,990........
> .26,000.........26,010.........26,020.........26,030.........26,040.........2
> 6,050.........26,060.........26,070.........26,080.........26,090.........26,
> 100.........26,110.........26,120.........26,130.........26,140.........26,15
> 0.........26,160.........26,170.........26,180.........26,190.........26,200.
> ........26,210.........26,220.........26,230.........26,240.........26,250...
> ......26,260.........26,270.........26,280.........26,290.........26,300.....
> ....26,310.........26,320.........26,330.........26,340.........26,350.......
> ..26,360.........26,370.........26,380.........26,390.........26,400.........
> 26,410.........26,420.........26,430.........26,440.........26,450.........26
> ,460.........26,470.........26,480.........26,490.........26,500.........26,5
> 10.........26,520.........26,530.........26,540.........26,550.........26,560
> .........26,570.........26,580.........26,590.........26,600.........26,610..
> .......26,620.........26,630.........26,640.........26,650.........26,660....
> .....26,670.........26,680.........26,690.........26,700.........26,710......
> ...26,720.........26,730.........26,740.........26,750.........26,760........
> .26,770.........26,780.........26,790.........26,800.........26,810.........2
> 6,820.........26,830.........26,840.........26,850.........26,860.........26,
> 870.........26,880.........26,890.........26,900.........26,910.........26,92
> 0.........26,930.........26,940.........26,950.........26,960.........26,970.
> ........26,980.........26,990.........27,000.........27,010.........27,020...
> ......27,030.........27,040.........27,050.........27,060.........27,070.....
> ....27,080.........27,090.........27,100.........27,110.........27,120.......
> ..27,130.........27,140.........27,150.........27,160.........27,170.........
> 27,180.........27,190.........27,200.........27,210.........27,220.........27
> ,230.........27,240.........27,250.........27,260.........27,270.........27,2
> 80.........27,290.........27,300.........27,310.........27,320.........27,330
> .........27,340.........27,350.........27,360.........27,370.........27,380..
> .......27,390.........27,400.........27,410.........27,420.........27,430....
> .....27,440.........27,450.........27,460.........27,470.........27,480......
> ...27,490.........27,500.........27,510.........27,520.........27,530........
> .27,540.........27,550.........27,560.........27,570.........27,580.........2
> 7,590.........27,600.........27,610.........27,620.........27,630.........27,
> 640.........27,650.........27,660.........27,670.........27,680.........27,69
> 0.........27,700.........27,710.........27,720.........27,730.........27,740.
> ........27,750.........27,760.........27,770.........27,780.........27,790...
> ......27,800.........27,810.........27,820.........27,830.........27,840.....
> ....27,850.........27,860.........27,870.........27,880.........27,890.......
> ..27,900.........27,910.........27,920.........27,930.........27,940.........
> 27,950.........27,960.........27,970.........27,980.........27,990.........28
> ,000.........28,010.........28,020.........28,030.........28,040.........28,0
> 50.........28,060.........28,070.........28,080.........28,090.........28,100
> .........28,110.........28,120.........28,130.........28,140.........28,150..
> .......28,160.........28,170.........28,180.........28,190.........28,200....
> .....28,210.........28,220.........28,230.........28,240.........28,250......
> ...28,260.........28,270.........28,280.........28,290.........28,300........
> .28,310.........28,320.........28,330.........28,340.........28,350.........2
> 8,360.........28,370.........28,380.........28,390.........28,400.........28,
> 410.........28,420.........28,430.........28,440.........28,450.........28,46
> 0.........28,470.........28,480.........28,490.........28,500.........28,510.
> ........28,520.........28,530.........28,540.........28,550.........28,560...
> ......28,570.........28,580.........28,590.........28,600.........28,610.....
> ....28,620.........28,630.........28,640.........28,650.........28,660.......
> ..28,670.........28,680.........28,690.........28,700.........28,710.........
> 28,720.........28,730.........28,740.........28,750.........28,760.........28
> ,770.........28,780.........28,790.........28,800.........28,810.........28,8
> 20.........28,830.........28,840.........28,850.........28,860.........28,870
> .........28,880.........28,890.........28,900.........28,910.........28,920..
> .......28,930.........28,940.........28,950.........28,960.........28,970....
> .....28,980.........28,990.........29,000.........29,010.........29,020......
> ...29,030.........29,040.........29,050.........29,060.........29,070........
> .29,080.........29,090.........29,100.........29,110.........29,120.........2
> 9,130.........29,140.........29,150.........29,160.........29,170.........29,
> 180.........29,190.........29,200.........29,210.........29,220.........29,23
> 0.........29,240.........29,250.........29,260.........29,270.........29,280.
> ........29,290.........29,300.........29,310.........29,320.........29,330...
> ......29,340.........29,350.........29,360.........29,370.........29,380.....
> ....29,390.........29,400.........29,410.........29,420.........29,430.......
> ..29,440.........29,450.........29,460.........29,470.........29,480.........
> 29,490.........29,500.........29,510.........29,520.........29,530.........29
> ,540.........29,550.........29,560.........29,570.........29,580.........29,5
> 90.........29,600.........29,610.........29,620.........29,630.........29,640
> .........29,650.........29,660.........29,670.........29,680.........29,690..
> .......29,700.........29,710.........29,720.........29,730.........29,740....
> .....29,750.........29,760.........29,770.........29,780.........29,790......
> ...29,800.........29,810.........29,820.........29,830.........29,840........
> .29,850.........29,860.........29,870.........29,880.........29,890.........2
> 9,900.........29,910.........29,920.........29,930.........29,940.........29,
> 950.........29,960.........29,970.........29,980.........29,990.........30,00
> 0.........30,010.........30,020.........30,030.........30,040.........30,050.
> ........30,060.........30,070.........30,080.........30,090.........30,100...
> ......30,110.........30,120.........30,130.........30,140.........30,150.....
> ....30,160.........30,170.........30,180.........30,190.........30,200.......
> ..30,210.........30,220.........30,230.........30,240.........30,250.........
> 30,260.........30,270.........30,280.........30,290.........30,300.........30
> ,310.........30,320.........30,330.........30,340.........30,350.........30,3
> 60.........30,370.........30,380.........30,390.........30,400.........30,410
> .........30,420.........30,430.........30,440.........30,450.........30,460..
> .......30,470.........30,480.........30,490.........30,500.........30,510....
> .....30,520.........30,530.........30,540.........30,550.........30,560......
> ...30,570.........30,580.........30,590.........30,600.........30,610........
> .30,620.........30,630.........30,640.........30,650.........30,660.........3
> 0,670.........30,680.........30,690.........30,700.........30,710.........30,
> 720.........30,730.........30,740.........30,750.........30,760.........30,77
> 0.........30,780.........30,790.........30,800.........30,810.........30,820.
> ........30,830.........30,840.........30,850.........30,860.........30,870...
> ......30,880.........30,890.........30,900.........30,910.........30,920.....
> ....30,930.........30,940.........30,950.........30,960.........30,970.......
> ..30,980.........30,990.........31,000.........31,010.........31,020.........
> 31,030.........31,040.........31,050.........31,060.........31,070.........31
> ,080.........31,090.........31,100.........31,110.........31,120.........31,1
> 30.........31,140.........31,150.........31,160.........31,170.........31,180
> .........31,190.........31,200.........31,210.........31,220.........31,230..
> .......31,240.........31,250.........31,260.........31,270.........31,280....
> .....31,290.........31,300.........31,310.........31,320.........31,330......
> ...31,340.........31,350.........31,360.........31,370.........31,380........
> .31,390.........31,400.........31,410.........31,420.........31,430.........3
> 1,440.........31,450.........31,460.........31,470.........31,480.........31,
> 490.........31,500.........31,510.........31,520.........31,530.........31,54
> 0.........31,550.........31,560.........31,570.........31,580.........31,590.
> ........31,600.........31,610.........31,620.........31,630.........31,640...
> ......31,650.........31,660.........31,670.........31,680.........31,690.....
> ....31,700.........31,710.........31,720.........31,730.........31,740.......
> ..31,750.........31,760.........31,770.........31,780.........31,790.........
> 31,800.........31,810.........31,820.........31,830.........31,840.........31
> ,850.........31,860.........31,870.........31,880.........31,890.........31,9
> 00.........31,910.........31,920.........31,930.........31,940.........31,950
> .........31,960.........31,970.........31,980.........31,990.........32,000..
> .......32,010.........32,020.........32,030.........32,040.........32,050....
> .....32,060.........32,070.........32,080.........32,090.........32,100......
> ...32,110.........32,120.........32,130.........32,140.........32,150........
> .32,160.........32,170.........32,180.........32,190.........32,200.........3
> 2,210.........32,220.........32,230.........32,240.........32,250.........32,
> 260.........32,270.........32,280.........32,290.........32,300.........32,31
> 0.........32,320.........32,330.........32,340.........32,350.........32,360.
> ........32,370.........32,380.........32,390.........32,400.........32,410...
> ......32,420.........32,430.........32,440.........32,450.........32,460.....
> ....32,470.........32,480.........32,490.........32,500.........32,510.......
> ..32,520.........32,530.........32,540.........32,550.........32,560.........
> 32,570.........32,580.........32,590.........32,600.........32,610.........32
> ,620.........32,630.........32,640.........32,650.........32,660.........32,6
> 70.........32,680.........32,690.........32,700.........32,710.........32,720
> .........32,730.........32,740.........32,750.........32,760.........32,770..
> .......32,780.........32,790.........32,800.........32,810.........32,820....
> .....32,830.........32,840.........32,850.........32,860.........32,870......
> ...32,880.........32,890.........32,900.........32,910.........32,920........
> .32,930.........32,940.........32,950.........32,960.........32,970.........3
> 2,980.........32,990.........33,000.........33,010.........33,020.........33,
> 030.........33,040.........33,050.........33,060.........33,070.........33,08
> 0.........33,090.........33,100.........33,110.........33,120.........33,130.
> ........33,140.........33,150.........33,160.........33,170.........33,180...
> ......33,190.........33,200.........33,210.........33,220.........33,230.....
> ....33,240.........33,250.........33,260.........33,270.........33,280.......
> ..33,290.........33,300.........33,310.........33,320.........33,330.........
> 33,340.........33,350.........33,360.........33,370.........33,380.........33
> ,390.........33,400.........33,410.........33,420.........33,430.........33,4
> 40.........33,450.........33,460.........33,470.........33,480.........33,490
> .........33,500.........33,510.........33,520.........33,530.........33,540..
> .......33,550.........33,560.........33,570.........33,580.........33,590....
> .....33,600.........33,610.........33,620.........33,630.........33,640......
> ...33,650.........33,660.........33,670.........33,680.........33,690........
> .33,700.........33,710.........33,720.........33,730.........33,740.........3
> 3,750.........33,760.........33,770.........33,780.........33,790.........33,
> 800.........33,810.........33,820.........33,830.........33,840.........33,85
> 0.........33,860.........33,870.........33,880.........33,890.........33,900.
> ........33,910.........33,920.........33,930.........33,940.........33,950...
> ......33,960.........33,970.........33,980.........33,990.........34,000.....
> ....34,010.........34,020.........34,030.........34,040.........34,050.......
> ..34,060.........34,070.........34,080.........34,090.........34,100.........
> 34,110.........34,120.........34,130.........34,140.........34,150.........34
> ,160.........34,170.........34,180.........34,190.........34,200.........34,2
> 10.........34,220.........34,230.........34,240.........34,250.........34,260
> .........34,270.........34,280.........34,290.........34,300.........34,310..
> .......34,320.........34,330.........34,340.........34,350.........34,360....
> .....34,370.........34,380.........34,390.........34,400.........34,410......
> ...34,420.........34,430.........34,440.........34,450.........34,460........
> .34,470.........34,480.........34,490.........34,500.........34,510.........3
> 4,520.........34,530.........34,540.........34,550.........34,560.........34,
> 570.........34,580.........34,590.........34,600.........34,610.........34,62
> 0.........34,630.........34,640.........34,650.........34,660.........34,670.
> ........34,680.........34,690.........34,700.........34,710.........34,720...
> ......34,730.........34,740.........34,750.........34,760.........34,770.....
> ....34,780.........34,790.........34,800.........34,810.........34,820.......
> ..34,830.........34,840.........34,850.........34,860.........34,870.........
> 34,880.........34,890.........34,900.........34,910.........34,920.........34
> ,930.........34,940.........34,950.........34,960.........34,970.........34,9
> 80.........34,990.........35,000.........35,010.........35,020.........35,030
> .........35,040.........35,050.........35,060.........35,070.........35,080..
> .......35,090.........35,100.........35,110.........35,120.........35,130....
> .....35,140.........35,150.........35,160.........35,170.........35,180......
> ...35,190.........35,200.........35,210.........35,220.........35,230........
> .35,240.........35,250.........35,260.........35,270.........35,280.........3
> 5,290.........35,300.........35,310.........35,320.........35,330.........35,
> 340.........35,350.........35,360.........35,370.........35,380.........35,39
> 0.........35,400.........35,410.........35,420.........35,430.........35,440.
> ........35,450.........35,460.........35,470.........35,480.........35,490...
> ......35,500.........35,510.........35,520.........35,530.........35,540.....
> ....35,550.........35,560.........35,570.........35,580.........35,590.......
> ..35,600.........35,610.........35,620.........35,630.........35,640.........
> 35,650.........35,660.........35,670.........35,680.........35,690.........35
> ,700.........35,710.........35,720.........35,730.........35,740.........35,7
> 50.........35,760.........35,770.........35,780.........35,790.........35,800
> .........35,810.........35,820.........35,830.........35,840.........35,850..
> .......35,860.........35,870.........35,880.........35,890.........35,900....
> .....35,910.........35,920.........35,930.........35,940.........35,950......
> ...35,960.........35,970.........35,980.........35,990.........36,000........
> .36,010.........36,020.........36,030.........36,040.........36,050.........3
> 6,060.........36,070.........36,080.........36,090.........36,100.........36,
> 110.........36,120.........36,130.........36,140.........36,150.........36,16
> 0.........36,170.........36,180.........36,190.........36,200.........36,210.
> ........36,220.........36,230.........36,240.........36,250.........36,260...
> ......36,270.........36,280.........36,290.........36,300.........36,310.....
> ....36,320.........36,330.........36,340.........36,350.........36,360.......
> ..36,370.........36,380.........36,390.........36,400.........36,410.........
> 36,420.........36,430.........36,440.........36,450.........36,460.........36
> ,470.........36,480.........36,490.........36,500.........36,510.........36,5
> 20.........36,530.........36,540.........36,550.........36,560.........36,570
> .........36,580.........36,590.........36,600.........36,610.........36,620..
> .......36,630.........36,640.........36,650.........36,660.........36,670....
> .....36,680.........36,690.........36,700.........36,710.........36,720......
> ...36,730.........36,740.........36,750.........36,760.........36,770........
> .36,780.........36,790.........36,800.........36,810.........36,820.........3
> 6,830.........36,840.........36,850.........36,860.........36,870.........36,
> 880.........36,890.........36,900.........36,910.........36,920.........36,93
> 0.........36,940.........36,950.........36,960.........36,970.........36,980.
> ........36,990.........37,000.........37,010.........37,020.........37,030...
> ......37,040.........37,050.........37,060.........37,070.........37,080.....
> ....37,090.........37,100.........37,110.........37,120.........37,130.......
> ..37,140.........37,150.........37,160.........37,170.........37,180.........
> 37,190.........37,200.........37,210.........37,220.........37,230.........37
> ,240.........37,250.........37,260.........37,270.........37,280.........37,2
> 90.........37,300.........37,310.........37,320.........37,330.........37,340
> .........37,350.........37,360.........37,370.........37,380.........37,390..
> .......37,400.........37,410.........37,420.........37,430.........37,440....
> .....37,450.........37,460.........37,470.........37,480.........37,490......
> ...37,500.........37,510.........37,520.........37,530.........37,540........
> .37,550.........37,560.........37,570.........37,580.........37,590.........3
> 7,600.........37,610.........37,620.........37,630.........37,640.........37,
> 650.........37,660.........37,670.........37,680.........37,690.........37,70
> 0.........37,710.........37,720.........37,730.........37,740.........37,750.
> ........37,760.........37,770.........37,780.........37,790.........37,800...
> ......37,810.........37,820.........37,830.........37,840.........37,850.....
> ....37,860.........37,870.........37,880.........37,890.........37,900.......
> ..37,910.........37,920.........37,930.........37,940.........37,950.........
> 37,960.........37,970.........37,980.........37,990.........38,000.........38
> ,010.........38,020.........38,030.........38,040.........38,050.........38,0
> 60.........38,070.........38,080.........38,090.........38,100.........38,110
> .........38,120.........38,130.........38,140.........38,150.........38,160..
> .......38,170.........38,180.........38,190.........38,200.........38,210....
> .....38,220.........38,230.........38,240.........38,250.........38,260......
> ...38,270.........38,280.........38,290.........38,300.........38,310........
> .38,320.........38,330.........38,340.........38,350.........38,360.........3
> 8,370.........38,380.........38,390.........38,400.........38,410.........38,
> 420.........38,430.........38,440.........38,450.........38,460.........38,47
> 0.........38,480.........38,490.........38,500.........38,510.........38,520.
> ........38,530.........38,540.........38,550.........38,560.........38,570...
> ......38,580.........38,590.........38,600.........38,610.........38,620.....
> ....38,630.........38,640.........38,650.........38,660.........38,670.......
> ..38,680.........38,690.........38,700.........38,710.........38,720.........
> 38,730.........38,740.........38,750.........38,760.........38,770.........38
> ,780.........38,790.........38,800.........38,810.........38,820.........38,8
> 30.........38,840.........38,850.........38,860.........38,870.........38,880
> .........38,890.........38,900.........38,910.........38,920.........38,930..
> .......38,940.........38,950.........38,960.........38,970.........38,980....
> .....38,990.........39,000.........39,010.........39,020.........39,030......
> ...39,040.........39,050.........39,060.........39,070.........39,080........
> .39,090.........39,100.........39,110.........39,120.........39,130.........3
> 9,140.........39,150.........39,160.........39,170.........39,180.........39,
> 190.........39,200.........39,210.........39,220.........39,230.........39,24
> 0.........39,250.........39,260.........39,270.........39,280.........39,290.
> ........39,300.........39,310.........39,320.........39,330.........39,340...
> ......39,350.........39,360.........39,370.........39,380.........39,390.....
> ....39,400.........39,410.........39,420.........39,430.........39,440.......
> ..39,450.........39,460.........39,470.........39,480.........39,490.........
> 39,500.........39,510.........39,520.........39,530.........39,540.........39
> ,550.........39,560.........39,570.........39,580.........39,590.........39,6
> 00.........39,610.........39,620.........39,630.........39,640.........39,650
> .........39,660.........39,670.........39,680.........39,690.........39,700..
> .......39,710.........39,720...